Clearing cache
3
read_start,/mnt/lustre/shared/bigbrain/nii/1000_blocks/bigbrain_0_0_0.nii,1605028193,2836302,comp01
read_end,/mnt/lustre/shared/bigbrain/nii/1000_blocks/bigbrain_0_0_0.nii,1605028194,2836302,comp01
read_start,/mnt/lustre/shared/bigbrain/nii/1000_blocks/bigbrain_0_0_4170.nii,1605028193,2836307,comp01
read_end,/mnt/lustre/shared/bigbrain/nii/1000_blocks/bigbrain_0_0_4170.nii,1605028197,2836307,comp01
read_start,/mnt/lustre/shared/bigbrain/nii/1000_blocks/bigbrain_0_0_2780.nii,1605028193,2836305,comp01
read_end,/mnt/lustre/shared/bigbrain/nii/1000_blocks/bigbrain_0_0_2780.nii,1605028202,2836305,comp01
read_start,/mnt/lustre/shared/bigbrain/nii/1000_blocks/bigbrain_0_0_3475.nii,1605028193,2836306,comp01
read_end,/mnt/lustre/shared/bigbrain/nii/1000_blocks/bigbrain_0_0_3475.nii,1605028205,2836306,comp01
read_start,/mnt/lustre/shared/bigbrain/nii/1000_blocks/bigbrain_0_0_5560.nii,1605028197,2836309,comp01
read_end,/mnt/lustre/shared/bigbrain/nii/1000_blocks/bigbrain_0_0_5560.nii,1605028206,2836309,comp01
read_start,/mnt/lustre/shared/bigbrain/nii/1000_blocks/bigbrain_0_0_2085.nii,1605028193,2836304,comp01
read_end,/mnt/lustre/shared/bigbrain/nii/1000_blocks/bigbrain_0_0_2085.nii,1605028207,2836304,comp01
read_start,/mnt/lustre/shared/bigbrain/nii/1000_blocks/bigbrain_0_0_6255.nii,1605028202,2836310,comp01
read_end,/mnt/lustre/shared/bigbrain/nii/1000_blocks/bigbrain_0_0_6255.nii,1605028209,2836310,comp01
read_start,/mnt/lustre/shared/bigbrain/nii/1000_blocks/bigbrain_0_0_1390.nii,1605028193,2836303,comp01
read_end,/mnt/lustre/shared/bigbrain/nii/1000_blocks/bigbrain_0_0_1390.nii,1605028210,2836303,comp01
read_start,/mnt/lustre/shared/bigbrain/nii/1000_blocks/bigbrain_0_0_4865.nii,1605028194,2836308,comp01
read_end,/mnt/lustre/shared/bigbrain/nii/1000_blocks/bigbrain_0_0_4865.nii,1605028213,2836308,comp01
read_start,/mnt/lustre/shared/bigbrain/nii/1000_blocks/bigbrain_0_1208_2085.nii,1605028210,2836314,comp01
read_end,/mnt/lustre/shared/bigbrain/nii/1000_blocks/bigbrain_0_1208_2085.nii,1605028217,2836314,comp01
read_start,/mnt/lustre/shared/bigbrain/nii/1000_blocks/bigbrain_0_1208_0.nii,1605028206,2836312,comp01
read_end,/mnt/lustre/shared/bigbrain/nii/1000_blocks/bigbrain_0_1208_0.nii,1605028217,2836312,comp01
read_start,/mnt/lustre/shared/bigbrain/nii/1000_blocks/bigbrain_0_1208_2780.nii,1605028210,2836315,comp01
read_end,/mnt/lustre/shared/bigbrain/nii/1000_blocks/bigbrain_0_1208_2780.nii,1605028219,2836315,comp01
read_start,/mnt/lustre/shared/bigbrain/nii/1000_blocks/bigbrain_0_0_695.nii,1605028205,2836311,comp01
read_end,/mnt/lustre/shared/bigbrain/nii/1000_blocks/bigbrain_0_0_695.nii,1605028222,2836311,comp01
read_start,/mnt/lustre/shared/bigbrain/nii/1000_blocks/bigbrain_0_1208_3475.nii,1605028213,2836317,comp01
read_end,/mnt/lustre/shared/bigbrain/nii/1000_blocks/bigbrain_0_1208_3475.nii,1605028222,2836317,comp01
read_start,/mnt/lustre/shared/bigbrain/nii/1000_blocks/bigbrain_0_1208_6255.nii,1605028222,2836321,comp01
read_end,/mnt/lustre/shared/bigbrain/nii/1000_blocks/bigbrain_0_1208_6255.nii,1605028224,2836321,comp01
read_start,/mnt/lustre/shared/bigbrain/nii/1000_blocks/bigbrain_0_1208_4170.nii,1605028217,2836318,comp01
read_end,/mnt/lustre/shared/bigbrain/nii/1000_blocks/bigbrain_0_1208_4170.nii,1605028226,2836318,comp01
read_start,/mnt/lustre/shared/bigbrain/nii/1000_blocks/bigbrain_0_1208_1390.nii,1605028207,2836313,comp01
read_end,/mnt/lustre/shared/bigbrain/nii/1000_blocks/bigbrain_0_1208_1390.nii,1605028229,2836313,comp01
read_start,/mnt/lustre/shared/bigbrain/nii/1000_blocks/bigbrain_0_1812_0.nii,1605028224,2836323,comp01
read_end,/mnt/lustre/shared/bigbrain/nii/1000_blocks/bigbrain_0_1812_0.nii,1605028229,2836323,comp01
read_start,/mnt/lustre/shared/bigbrain/nii/1000_blocks/bigbrain_0_1812_2780.nii,1605028229,2836326,comp01
read_end,/mnt/lustre/shared/bigbrain/nii/1000_blocks/bigbrain_0_1812_2780.nii,1605028232,2836326,comp01
read_start,/mnt/lustre/shared/bigbrain/nii/1000_blocks/bigbrain_0_1208_5560.nii,1605028219,2836320,comp01
read_end,/mnt/lustre/shared/bigbrain/nii/1000_blocks/bigbrain_0_1208_5560.nii,1605028234,2836320,comp01
read_start,/mnt/lustre/shared/bigbrain/nii/1000_blocks/bigbrain_0_1812_3475.nii,1605028232,2836327,comp01
read_end,/mnt/lustre/shared/bigbrain/nii/1000_blocks/bigbrain_0_1812_3475.nii,1605028236,2836327,comp01
read_start,/mnt/lustre/shared/bigbrain/nii/1000_blocks/bigbrain_0_1208_4865.nii,1605028217,2836319,comp01
read_end,/mnt/lustre/shared/bigbrain/nii/1000_blocks/bigbrain_0_1208_4865.nii,1605028238,2836319,comp01
read_start,/mnt/lustre/shared/bigbrain/nii/1000_blocks/bigbrain_0_1812_2085.nii,1605028229,2836325,comp01
read_end,/mnt/lustre/shared/bigbrain/nii/1000_blocks/bigbrain_0_1812_2085.nii,1605028239,2836325,comp01
read_start,/mnt/lustre/shared/bigbrain/nii/1000_blocks/bigbrain_0_1208_695.nii,1605028222,2836322,comp01
read_end,/mnt/lustre/shared/bigbrain/nii/1000_blocks/bigbrain_0_1208_695.nii,1605028241,2836322,comp01
read_start,/mnt/lustre/shared/bigbrain/nii/1000_blocks/bigbrain_0_1812_4865.nii,1605028236,2836329,comp01
read_end,/mnt/lustre/shared/bigbrain/nii/1000_blocks/bigbrain_0_1812_4865.nii,1605028243,2836329,comp01
read_start,/mnt/lustre/shared/bigbrain/nii/1000_blocks/bigbrain_0_1812_4170.nii,1605028234,2836328,comp01
read_end,/mnt/lustre/shared/bigbrain/nii/1000_blocks/bigbrain_0_1812_4170.nii,1605028245,2836328,comp01
read_start,/mnt/lustre/shared/bigbrain/nii/1000_blocks/bigbrain_0_1812_1390.nii,1605028226,2836324,comp01
read_end,/mnt/lustre/shared/bigbrain/nii/1000_blocks/bigbrain_0_1812_1390.nii,1605028246,2836324,comp01
read_start,/mnt/lustre/shared/bigbrain/nii/1000_blocks/bigbrain_0_2416_2085.nii,1605028246,2836335,comp01
read_end,/mnt/lustre/shared/bigbrain/nii/1000_blocks/bigbrain_0_2416_2085.nii,1605028251,2836335,comp01
read_start,/mnt/lustre/shared/bigbrain/nii/1000_blocks/bigbrain_0_2416_0.nii,1605028243,2836333,comp01
read_end,/mnt/lustre/shared/bigbrain/nii/1000_blocks/bigbrain_0_2416_0.nii,1605028253,2836333,comp01
read_start,/mnt/lustre/shared/bigbrain/nii/1000_blocks/bigbrain_0_2416_1390.nii,1605028245,2836334,comp01
read_end,/mnt/lustre/shared/bigbrain/nii/1000_blocks/bigbrain_0_2416_1390.nii,1605028256,2836334,comp01
read_start,/mnt/lustre/shared/bigbrain/nii/1000_blocks/bigbrain_0_1812_695.nii,1605028241,2836332,comp01
read_end,/mnt/lustre/shared/bigbrain/nii/1000_blocks/bigbrain_0_1812_695.nii,1605028257,2836332,comp01
read_start,/mnt/lustre/shared/bigbrain/nii/1000_blocks/bigbrain_0_1812_5560.nii,1605028238,2836330,comp01
read_end,/mnt/lustre/shared/bigbrain/nii/1000_blocks/bigbrain_0_1812_5560.nii,1605028257,2836330,comp01
read_start,/mnt/lustre/shared/bigbrain/nii/1000_blocks/bigbrain_0_1812_6255.nii,1605028239,2836331,comp01
read_end,/mnt/lustre/shared/bigbrain/nii/1000_blocks/bigbrain_0_1812_6255.nii,1605028258,2836331,comp01
read_start,/mnt/lustre/shared/bigbrain/nii/1000_blocks/bigbrain_0_2416_4865.nii,1605028257,2836339,comp01
read_end,/mnt/lustre/shared/bigbrain/nii/1000_blocks/bigbrain_0_2416_4865.nii,1605028260,2836339,comp01
read_start,/mnt/lustre/shared/bigbrain/nii/1000_blocks/bigbrain_0_2416_695.nii,1605028260,2836342,comp01
read_end,/mnt/lustre/shared/bigbrain/nii/1000_blocks/bigbrain_0_2416_695.nii,1605028264,2836342,comp01
read_start,/mnt/lustre/shared/bigbrain/nii/1000_blocks/bigbrain_0_2416_2780.nii,1605028251,2836336,comp01
read_end,/mnt/lustre/shared/bigbrain/nii/1000_blocks/bigbrain_0_2416_2780.nii,1605028265,2836336,comp01
read_start,/mnt/lustre/shared/bigbrain/nii/1000_blocks/bigbrain_0_2416_4170.nii,1605028256,2836338,comp01
read_end,/mnt/lustre/shared/bigbrain/nii/1000_blocks/bigbrain_0_2416_4170.nii,1605028267,2836338,comp01
read_start,/mnt/lustre/shared/bigbrain/nii/1000_blocks/bigbrain_0_2416_5560.nii,1605028257,2836340,comp01
read_end,/mnt/lustre/shared/bigbrain/nii/1000_blocks/bigbrain_0_2416_5560.nii,1605028269,2836340,comp01
read_start,/mnt/lustre/shared/bigbrain/nii/1000_blocks/bigbrain_0_2416_6255.nii,1605028258,2836341,comp01
read_end,/mnt/lustre/shared/bigbrain/nii/1000_blocks/bigbrain_0_2416_6255.nii,1605028271,2836341,comp01
read_start,/mnt/lustre/shared/bigbrain/nii/1000_blocks/bigbrain_0_3020_0.nii,1605028264,2836343,comp01
read_end,/mnt/lustre/shared/bigbrain/nii/1000_blocks/bigbrain_0_3020_0.nii,1605028272,2836343,comp01
read_start,/mnt/lustre/shared/bigbrain/nii/1000_blocks/bigbrain_0_2416_3475.nii,1605028253,2836337,comp01
read_end,/mnt/lustre/shared/bigbrain/nii/1000_blocks/bigbrain_0_2416_3475.nii,1605028272,2836337,comp01
read_start,/mnt/lustre/shared/bigbrain/nii/1000_blocks/bigbrain_0_3020_2085.nii,1605028267,2836345,comp01
read_end,/mnt/lustre/shared/bigbrain/nii/1000_blocks/bigbrain_0_3020_2085.nii,1605028275,2836345,comp01
read_start,/mnt/lustre/shared/bigbrain/nii/1000_blocks/bigbrain_0_3020_4170.nii,1605028272,2836350,comp01
read_end,/mnt/lustre/shared/bigbrain/nii/1000_blocks/bigbrain_0_3020_4170.nii,1605028278,2836350,comp01
read_start,/mnt/lustre/shared/bigbrain/nii/1000_blocks/bigbrain_0_3020_5560.nii,1605028275,2836352,comp01
read_end,/mnt/lustre/shared/bigbrain/nii/1000_blocks/bigbrain_0_3020_5560.nii,1605028280,2836352,comp01
read_start,/mnt/lustre/shared/bigbrain/nii/1000_blocks/bigbrain_0_3020_1390.nii,1605028265,2836344,comp01
read_end,/mnt/lustre/shared/bigbrain/nii/1000_blocks/bigbrain_0_3020_1390.nii,1605028281,2836344,comp01
read_start,/mnt/lustre/shared/bigbrain/nii/1000_blocks/bigbrain_0_3020_3475.nii,1605028271,2836349,comp01
read_end,/mnt/lustre/shared/bigbrain/nii/1000_blocks/bigbrain_0_3020_3475.nii,1605028283,2836349,comp01
read_start,/mnt/lustre/shared/bigbrain/nii/1000_blocks/bigbrain_0_3624_0.nii,1605028281,2836355,comp01
read_end,/mnt/lustre/shared/bigbrain/nii/1000_blocks/bigbrain_0_3624_0.nii,1605028285,2836355,comp01
read_start,/mnt/lustre/shared/bigbrain/nii/1000_blocks/bigbrain_0_3020_695.nii,1605028280,2836354,comp01
read_end,/mnt/lustre/shared/bigbrain/nii/1000_blocks/bigbrain_0_3020_695.nii,1605028289,2836354,comp01
read_start,/mnt/lustre/shared/bigbrain/nii/1000_blocks/bigbrain_0_3624_2085.nii,1605028285,2836358,comp01
read_end,/mnt/lustre/shared/bigbrain/nii/1000_blocks/bigbrain_0_3624_2085.nii,1605028291,2836358,comp01
read_start,/mnt/lustre/shared/bigbrain/nii/1000_blocks/bigbrain_0_3624_2780.nii,1605028289,2836360,comp01
read_end,/mnt/lustre/shared/bigbrain/nii/1000_blocks/bigbrain_0_3624_2780.nii,1605028294,2836360,comp01
read_start,/mnt/lustre/shared/bigbrain/nii/1000_blocks/bigbrain_0_3020_4865.nii,1605028272,2836351,comp01
read_end,/mnt/lustre/shared/bigbrain/nii/1000_blocks/bigbrain_0_3020_4865.nii,1605028295,2836351,comp01
read_start,/mnt/lustre/shared/bigbrain/nii/1000_blocks/bigbrain_0_3624_1390.nii,1605028283,2836356,comp01
read_end,/mnt/lustre/shared/bigbrain/nii/1000_blocks/bigbrain_0_3624_1390.nii,1605028297,2836356,comp01
read_start,/mnt/lustre/shared/bigbrain/nii/1000_blocks/bigbrain_0_3624_5560.nii,1605028297,2836364,comp01
read_end,/mnt/lustre/shared/bigbrain/nii/1000_blocks/bigbrain_0_3624_5560.nii,1605028300,2836364,comp01
read_start,/mnt/lustre/shared/bigbrain/nii/1000_blocks/bigbrain_0_3624_3475.nii,1605028291,2836361,comp01
read_end,/mnt/lustre/shared/bigbrain/nii/1000_blocks/bigbrain_0_3624_3475.nii,1605028301,2836361,comp01
read_start,/mnt/lustre/shared/bigbrain/nii/1000_blocks/bigbrain_0_3020_2780.nii,1605028269,2836348,comp01
read_end,/mnt/lustre/shared/bigbrain/nii/1000_blocks/bigbrain_0_3020_2780.nii,1605028302,2836348,comp01
read_start,/mnt/lustre/shared/bigbrain/nii/1000_blocks/bigbrain_0_3624_4170.nii,1605028294,2836362,comp01
read_end,/mnt/lustre/shared/bigbrain/nii/1000_blocks/bigbrain_0_3624_4170.nii,1605028303,2836362,comp01
read_start,/mnt/lustre/shared/bigbrain/nii/1000_blocks/bigbrain_0_3020_6255.nii,1605028278,2836353,comp01
read_end,/mnt/lustre/shared/bigbrain/nii/1000_blocks/bigbrain_0_3020_6255.nii,1605028303,2836353,comp01
read_start,/mnt/lustre/shared/bigbrain/nii/1000_blocks/bigbrain_0_4228_2085.nii,1605028303,2836369,comp01
read_end,/mnt/lustre/shared/bigbrain/nii/1000_blocks/bigbrain_0_4228_2085.nii,1605028307,2836369,comp01
read_start,/mnt/lustre/shared/bigbrain/nii/1000_blocks/bigbrain_0_3624_6255.nii,1605028300,2836365,comp01
read_end,/mnt/lustre/shared/bigbrain/nii/1000_blocks/bigbrain_0_3624_6255.nii,1605028309,2836365,comp01
read_start,/mnt/lustre/shared/bigbrain/nii/1000_blocks/bigbrain_0_3624_4865.nii,1605028295,2836363,comp01
read_end,/mnt/lustre/shared/bigbrain/nii/1000_blocks/bigbrain_0_3624_4865.nii,1605028310,2836363,comp01
read_start,/mnt/lustre/shared/bigbrain/nii/1000_blocks/bigbrain_0_3624_695.nii,1605028301,2836366,comp01
read_end,/mnt/lustre/shared/bigbrain/nii/1000_blocks/bigbrain_0_3624_695.nii,1605028312,2836366,comp01
read_start,/mnt/lustre/shared/bigbrain/nii/1000_blocks/bigbrain_0_4228_4170.nii,1605028310,2836372,comp01
read_end,/mnt/lustre/shared/bigbrain/nii/1000_blocks/bigbrain_0_4228_4170.nii,1605028315,2836372,comp01
read_start,/mnt/lustre/shared/bigbrain/nii/1000_blocks/bigbrain_0_4228_2780.nii,1605028307,2836370,comp01
read_end,/mnt/lustre/shared/bigbrain/nii/1000_blocks/bigbrain_0_4228_2780.nii,1605028316,2836370,comp01
read_start,/mnt/lustre/shared/bigbrain/nii/1000_blocks/bigbrain_0_4228_4865.nii,1605028312,2836373,comp01
read_end,/mnt/lustre/shared/bigbrain/nii/1000_blocks/bigbrain_0_4228_4865.nii,1605028319,2836373,comp01
read_start,/mnt/lustre/shared/bigbrain/nii/1000_blocks/bigbrain_0_4228_0.nii,1605028302,2836367,comp01
read_end,/mnt/lustre/shared/bigbrain/nii/1000_blocks/bigbrain_0_4228_0.nii,1605028319,2836367,comp01
read_start,/mnt/lustre/shared/bigbrain/nii/1000_blocks/bigbrain_0_4228_1390.nii,1605028303,2836368,comp01
read_end,/mnt/lustre/shared/bigbrain/nii/1000_blocks/bigbrain_0_4228_1390.nii,1605028321,2836368,comp01
read_start,/mnt/lustre/shared/bigbrain/nii/1000_blocks/bigbrain_0_4228_6255.nii,1605028316,2836375,comp01
read_end,/mnt/lustre/shared/bigbrain/nii/1000_blocks/bigbrain_0_4228_6255.nii,1605028323,2836375,comp01
read_start,/mnt/lustre/shared/bigbrain/nii/1000_blocks/bigbrain_0_4832_1390.nii,1605028321,2836378,comp01
read_end,/mnt/lustre/shared/bigbrain/nii/1000_blocks/bigbrain_0_4832_1390.nii,1605028326,2836378,comp01
read_start,/mnt/lustre/shared/bigbrain/nii/1000_blocks/bigbrain_0_4228_695.nii,1605028319,2836376,comp01
read_end,/mnt/lustre/shared/bigbrain/nii/1000_blocks/bigbrain_0_4228_695.nii,1605028328,2836376,comp01
read_start,/mnt/lustre/shared/bigbrain/nii/1000_blocks/bigbrain_0_4228_3475.nii,1605028309,2836371,comp01
read_end,/mnt/lustre/shared/bigbrain/nii/1000_blocks/bigbrain_0_4228_3475.nii,1605028331,2836371,comp01
read_start,/mnt/lustre/shared/bigbrain/nii/1000_blocks/bigbrain_0_4832_2780.nii,1605028326,2836380,comp01
read_end,/mnt/lustre/shared/bigbrain/nii/1000_blocks/bigbrain_0_4832_2780.nii,1605028335,2836380,comp01
read_start,/mnt/lustre/shared/bigbrain/nii/1000_blocks/bigbrain_0_4832_2085.nii,1605028323,2836379,comp01
read_end,/mnt/lustre/shared/bigbrain/nii/1000_blocks/bigbrain_0_4832_2085.nii,1605028335,2836379,comp01
read_start,/mnt/lustre/shared/bigbrain/nii/1000_blocks/bigbrain_0_4832_4170.nii,1605028331,2836383,comp01
read_end,/mnt/lustre/shared/bigbrain/nii/1000_blocks/bigbrain_0_4832_4170.nii,1605028336,2836383,comp01
read_start,/mnt/lustre/shared/bigbrain/nii/1000_blocks/bigbrain_0_4832_0.nii,1605028319,2836377,comp01
read_end,/mnt/lustre/shared/bigbrain/nii/1000_blocks/bigbrain_0_4832_0.nii,1605028337,2836377,comp01
read_start,/mnt/lustre/shared/bigbrain/nii/1000_blocks/bigbrain_0_4228_5560.nii,1605028315,2836374,comp01
read_end,/mnt/lustre/shared/bigbrain/nii/1000_blocks/bigbrain_0_4228_5560.nii,1605028338,2836374,comp01
read_start,/mnt/lustre/shared/bigbrain/nii/1000_blocks/bigbrain_0_5436_0.nii,1605028338,2836388,comp01
read_end,/mnt/lustre/shared/bigbrain/nii/1000_blocks/bigbrain_0_5436_0.nii,1605028343,2836388,comp01
read_start,/mnt/lustre/shared/bigbrain/nii/1000_blocks/bigbrain_0_4832_6255.nii,1605028336,2836386,comp01
read_end,/mnt/lustre/shared/bigbrain/nii/1000_blocks/bigbrain_0_4832_6255.nii,1605028344,2836386,comp01
read_start,/mnt/lustre/shared/bigbrain/nii/1000_blocks/bigbrain_0_4832_3475.nii,1605028328,2836381,comp01
read_end,/mnt/lustre/shared/bigbrain/nii/1000_blocks/bigbrain_0_4832_3475.nii,1605028345,2836381,comp01
read_start,/mnt/lustre/shared/bigbrain/nii/1000_blocks/bigbrain_0_4832_5560.nii,1605028335,2836385,comp01
read_end,/mnt/lustre/shared/bigbrain/nii/1000_blocks/bigbrain_0_4832_5560.nii,1605028348,2836385,comp01
read_start,/mnt/lustre/shared/bigbrain/nii/1000_blocks/bigbrain_0_4832_695.nii,1605028337,2836387,comp01
read_end,/mnt/lustre/shared/bigbrain/nii/1000_blocks/bigbrain_0_4832_695.nii,1605028349,2836387,comp01
read_start,/mnt/lustre/shared/bigbrain/nii/1000_blocks/bigbrain_0_5436_3475.nii,1605028348,2836392,comp01
read_end,/mnt/lustre/shared/bigbrain/nii/1000_blocks/bigbrain_0_5436_3475.nii,1605028354,2836392,comp01
read_start,/mnt/lustre/shared/bigbrain/nii/1000_blocks/bigbrain_0_5436_2780.nii,1605028345,2836391,comp01
read_end,/mnt/lustre/shared/bigbrain/nii/1000_blocks/bigbrain_0_5436_2780.nii,1605028354,2836391,comp01
read_start,/mnt/lustre/shared/bigbrain/nii/1000_blocks/bigbrain_0_5436_2085.nii,1605028344,2836390,comp01
read_end,/mnt/lustre/shared/bigbrain/nii/1000_blocks/bigbrain_0_5436_2085.nii,1605028355,2836390,comp01
read_start,/mnt/lustre/shared/bigbrain/nii/1000_blocks/bigbrain_0_4832_4865.nii,1605028335,2836384,comp01
read_end,/mnt/lustre/shared/bigbrain/nii/1000_blocks/bigbrain_0_4832_4865.nii,1605028357,2836384,comp01
read_start,/mnt/lustre/shared/bigbrain/nii/1000_blocks/bigbrain_0_5436_5560.nii,1605028354,2836395,comp01
read_end,/mnt/lustre/shared/bigbrain/nii/1000_blocks/bigbrain_0_5436_5560.nii,1605028360,2836395,comp01
read_start,/mnt/lustre/shared/bigbrain/nii/1000_blocks/bigbrain_0_5436_4865.nii,1605028354,2836394,comp01
read_end,/mnt/lustre/shared/bigbrain/nii/1000_blocks/bigbrain_0_5436_4865.nii,1605028361,2836394,comp01
read_start,/mnt/lustre/shared/bigbrain/nii/1000_blocks/bigbrain_0_5436_1390.nii,1605028344,2836389,comp01
read_end,/mnt/lustre/shared/bigbrain/nii/1000_blocks/bigbrain_0_5436_1390.nii,1605028361,2836389,comp01
read_start,/mnt/lustre/shared/bigbrain/nii/1000_blocks/bigbrain_0_5436_4170.nii,1605028350,2836393,comp01
read_end,/mnt/lustre/shared/bigbrain/nii/1000_blocks/bigbrain_0_5436_4170.nii,1605028363,2836393,comp01
read_start,/mnt/lustre/shared/bigbrain/nii/1000_blocks/bigbrain_0_5436_695.nii,1605028357,2836397,comp01
read_end,/mnt/lustre/shared/bigbrain/nii/1000_blocks/bigbrain_0_5436_695.nii,1605028365,2836397,comp01
read_start,/mnt/lustre/shared/bigbrain/nii/1000_blocks/bigbrain_0_604_2085.nii,1605028361,2836400,comp01
read_end,/mnt/lustre/shared/bigbrain/nii/1000_blocks/bigbrain_0_604_2085.nii,1605028367,2836400,comp01
read_start,/mnt/lustre/shared/bigbrain/nii/1000_blocks/bigbrain_0_604_1390.nii,1605028361,2836399,comp01
read_end,/mnt/lustre/shared/bigbrain/nii/1000_blocks/bigbrain_0_604_1390.nii,1605028370,2836399,comp01
read_start,/mnt/lustre/shared/bigbrain/nii/1000_blocks/bigbrain_0_604_4170.nii,1605028367,2836403,comp01
read_end,/mnt/lustre/shared/bigbrain/nii/1000_blocks/bigbrain_0_604_4170.nii,1605028373,2836403,comp01
read_start,/mnt/lustre/shared/bigbrain/nii/1000_blocks/bigbrain_0_604_3475.nii,1605028365,2836402,comp01
read_end,/mnt/lustre/shared/bigbrain/nii/1000_blocks/bigbrain_0_604_3475.nii,1605028375,2836402,comp01
read_start,/mnt/lustre/shared/bigbrain/nii/1000_blocks/bigbrain_0_604_0.nii,1605028360,2836398,comp01
read_end,/mnt/lustre/shared/bigbrain/nii/1000_blocks/bigbrain_0_604_0.nii,1605028377,2836398,comp01
read_start,/mnt/lustre/shared/bigbrain/nii/1000_blocks/bigbrain_0_604_4865.nii,1605028370,2836404,comp01
read_end,/mnt/lustre/shared/bigbrain/nii/1000_blocks/bigbrain_0_604_4865.nii,1605028378,2836404,comp01
read_start,/mnt/lustre/shared/bigbrain/nii/1000_blocks/bigbrain_0_5436_6255.nii,1605028355,2836396,comp01
read_end,/mnt/lustre/shared/bigbrain/nii/1000_blocks/bigbrain_0_5436_6255.nii,1605028379,2836396,comp01
read_start,/mnt/lustre/shared/bigbrain/nii/1000_blocks/bigbrain_0_604_6255.nii,1605028375,2836406,comp01
read_end,/mnt/lustre/shared/bigbrain/nii/1000_blocks/bigbrain_0_604_6255.nii,1605028383,2836406,comp01
read_start,/mnt/lustre/shared/bigbrain/nii/1000_blocks/bigbrain_0_604_2780.nii,1605028363,2836401,comp01
read_end,/mnt/lustre/shared/bigbrain/nii/1000_blocks/bigbrain_0_604_2780.nii,1605028384,2836401,comp01
read_start,/mnt/lustre/shared/bigbrain/nii/1000_blocks/bigbrain_0_604_5560.nii,1605028373,2836405,comp01
read_end,/mnt/lustre/shared/bigbrain/nii/1000_blocks/bigbrain_0_604_5560.nii,1605028385,2836405,comp01
read_start,/mnt/lustre/shared/bigbrain/nii/1000_blocks/bigbrain_1540_0_2780.nii,1605028384,2836411,comp01
read_end,/mnt/lustre/shared/bigbrain/nii/1000_blocks/bigbrain_1540_0_2780.nii,1605028387,2836411,comp01
read_start,/mnt/lustre/shared/bigbrain/nii/1000_blocks/bigbrain_1540_0_2085.nii,1605028383,2836410,comp01
read_end,/mnt/lustre/shared/bigbrain/nii/1000_blocks/bigbrain_1540_0_2085.nii,1605028389,2836410,comp01
read_start,/mnt/lustre/shared/bigbrain/nii/1000_blocks/bigbrain_1540_0_4170.nii,1605028387,2836414,comp01
read_end,/mnt/lustre/shared/bigbrain/nii/1000_blocks/bigbrain_1540_0_4170.nii,1605028391,2836414,comp01
read_start,/mnt/lustre/shared/bigbrain/nii/1000_blocks/bigbrain_0_604_695.nii,1605028377,2836407,comp01
read_end,/mnt/lustre/shared/bigbrain/nii/1000_blocks/bigbrain_0_604_695.nii,1605028395,2836407,comp01
read_start,/mnt/lustre/shared/bigbrain/nii/1000_blocks/bigbrain_1540_0_5560.nii,1605028391,2836416,comp01
read_end,/mnt/lustre/shared/bigbrain/nii/1000_blocks/bigbrain_1540_0_5560.nii,1605028396,2836416,comp01
read_start,/mnt/lustre/shared/bigbrain/nii/1000_blocks/bigbrain_1540_0_0.nii,1605028378,2836408,comp01
read_end,/mnt/lustre/shared/bigbrain/nii/1000_blocks/bigbrain_1540_0_0.nii,1605028396,2836408,comp01
read_start,/mnt/lustre/shared/bigbrain/nii/1000_blocks/bigbrain_1540_0_1390.nii,1605028379,2836409,comp01
read_end,/mnt/lustre/shared/bigbrain/nii/1000_blocks/bigbrain_1540_0_1390.nii,1605028400,2836409,comp01
read_start,/mnt/lustre/shared/bigbrain/nii/1000_blocks/bigbrain_1540_0_695.nii,1605028396,2836418,comp01
read_end,/mnt/lustre/shared/bigbrain/nii/1000_blocks/bigbrain_1540_0_695.nii,1605028401,2836418,comp01
read_start,/mnt/lustre/shared/bigbrain/nii/1000_blocks/bigbrain_1540_0_6255.nii,1605028395,2836417,comp01
read_end,/mnt/lustre/shared/bigbrain/nii/1000_blocks/bigbrain_1540_0_6255.nii,1605028402,2836417,comp01
read_start,/mnt/lustre/shared/bigbrain/nii/1000_blocks/bigbrain_1540_1208_2780.nii,1605028402,2836422,comp01
read_end,/mnt/lustre/shared/bigbrain/nii/1000_blocks/bigbrain_1540_1208_2780.nii,1605028405,2836422,comp01
read_start,/mnt/lustre/shared/bigbrain/nii/1000_blocks/bigbrain_1540_1208_2085.nii,1605028401,2836421,comp01
read_end,/mnt/lustre/shared/bigbrain/nii/1000_blocks/bigbrain_1540_1208_2085.nii,1605028408,2836421,comp01
read_start,/mnt/lustre/shared/bigbrain/nii/1000_blocks/bigbrain_1540_1208_1390.nii,1605028400,2836420,comp01
read_end,/mnt/lustre/shared/bigbrain/nii/1000_blocks/bigbrain_1540_1208_1390.nii,1605028411,2836420,comp01
read_start,/mnt/lustre/shared/bigbrain/nii/1000_blocks/bigbrain_1540_0_3475.nii,1605028385,2836412,comp01
read_end,/mnt/lustre/shared/bigbrain/nii/1000_blocks/bigbrain_1540_0_3475.nii,1605028412,2836412,comp01
read_start,/mnt/lustre/shared/bigbrain/nii/1000_blocks/bigbrain_1540_1208_0.nii,1605028396,2836419,comp01
read_end,/mnt/lustre/shared/bigbrain/nii/1000_blocks/bigbrain_1540_1208_0.nii,1605028413,2836419,comp01
read_start,/mnt/lustre/shared/bigbrain/nii/1000_blocks/bigbrain_1540_1208_3475.nii,1605028405,2836423,comp01
read_end,/mnt/lustre/shared/bigbrain/nii/1000_blocks/bigbrain_1540_1208_3475.nii,1605028414,2836423,comp01
read_start,/mnt/lustre/shared/bigbrain/nii/1000_blocks/bigbrain_1540_1208_5560.nii,1605028412,2836426,comp01
read_end,/mnt/lustre/shared/bigbrain/nii/1000_blocks/bigbrain_1540_1208_5560.nii,1605028416,2836426,comp01
read_start,/mnt/lustre/shared/bigbrain/nii/1000_blocks/bigbrain_1540_0_4865.nii,1605028389,2836415,comp01
read_end,/mnt/lustre/shared/bigbrain/nii/1000_blocks/bigbrain_1540_0_4865.nii,1605028417,2836415,comp01
read_start,/mnt/lustre/shared/bigbrain/nii/1000_blocks/bigbrain_1540_1812_0.nii,1605028416,2836429,comp01
read_end,/mnt/lustre/shared/bigbrain/nii/1000_blocks/bigbrain_1540_1812_0.nii,1605028419,2836429,comp01
read_start,/mnt/lustre/shared/bigbrain/nii/1000_blocks/bigbrain_1540_1208_695.nii,1605028414,2836428,comp01
read_end,/mnt/lustre/shared/bigbrain/nii/1000_blocks/bigbrain_1540_1208_695.nii,1605028422,2836428,comp01
read_start,/mnt/lustre/shared/bigbrain/nii/1000_blocks/bigbrain_1540_1208_6255.nii,1605028413,2836427,comp01
read_end,/mnt/lustre/shared/bigbrain/nii/1000_blocks/bigbrain_1540_1208_6255.nii,1605028424,2836427,comp01
read_start,/mnt/lustre/shared/bigbrain/nii/1000_blocks/bigbrain_1540_1208_4170.nii,1605028408,2836424,comp01
read_end,/mnt/lustre/shared/bigbrain/nii/1000_blocks/bigbrain_1540_1208_4170.nii,1605028425,2836424,comp01
read_start,/mnt/lustre/shared/bigbrain/nii/1000_blocks/bigbrain_1540_1812_4170.nii,1605028425,2836434,comp01
read_end,/mnt/lustre/shared/bigbrain/nii/1000_blocks/bigbrain_1540_1812_4170.nii,1605028428,2836434,comp01
read_start,/mnt/lustre/shared/bigbrain/nii/1000_blocks/bigbrain_1540_1812_1390.nii,1605028417,2836430,comp01
read_end,/mnt/lustre/shared/bigbrain/nii/1000_blocks/bigbrain_1540_1812_1390.nii,1605028430,2836430,comp01
read_start,/mnt/lustre/shared/bigbrain/nii/1000_blocks/bigbrain_1540_1812_5560.nii,1605028430,2836436,comp01
read_end,/mnt/lustre/shared/bigbrain/nii/1000_blocks/bigbrain_1540_1812_5560.nii,1605028434,2836436,comp01
read_start,/mnt/lustre/shared/bigbrain/nii/1000_blocks/bigbrain_1540_1812_2780.nii,1605028422,2836432,comp01
read_end,/mnt/lustre/shared/bigbrain/nii/1000_blocks/bigbrain_1540_1812_2780.nii,1605028435,2836432,comp01
read_start,/mnt/lustre/shared/bigbrain/nii/1000_blocks/bigbrain_1540_1812_2085.nii,1605028419,2836431,comp01
read_end,/mnt/lustre/shared/bigbrain/nii/1000_blocks/bigbrain_1540_1812_2085.nii,1605028436,2836431,comp01
read_start,/mnt/lustre/shared/bigbrain/nii/1000_blocks/bigbrain_1540_1208_4865.nii,1605028411,2836425,comp01
read_end,/mnt/lustre/shared/bigbrain/nii/1000_blocks/bigbrain_1540_1208_4865.nii,1605028439,2836425,comp01
read_start,/mnt/lustre/shared/bigbrain/nii/1000_blocks/bigbrain_1540_1812_4865.nii,1605028428,2836435,comp01
read_end,/mnt/lustre/shared/bigbrain/nii/1000_blocks/bigbrain_1540_1812_4865.nii,1605028440,2836435,comp01
read_start,/mnt/lustre/shared/bigbrain/nii/1000_blocks/bigbrain_1540_1812_6255.nii,1605028434,2836437,comp01
read_end,/mnt/lustre/shared/bigbrain/nii/1000_blocks/bigbrain_1540_1812_6255.nii,1605028442,2836437,comp01
read_start,/mnt/lustre/shared/bigbrain/nii/1000_blocks/bigbrain_1540_2416_0.nii,1605028436,2836439,comp01
read_end,/mnt/lustre/shared/bigbrain/nii/1000_blocks/bigbrain_1540_2416_0.nii,1605028444,2836439,comp01
read_start,/mnt/lustre/shared/bigbrain/nii/1000_blocks/bigbrain_1540_1812_695.nii,1605028435,2836438,comp01
read_end,/mnt/lustre/shared/bigbrain/nii/1000_blocks/bigbrain_1540_1812_695.nii,1605028445,2836438,comp01
read_start,/mnt/lustre/shared/bigbrain/nii/1000_blocks/bigbrain_1540_2416_2085.nii,1605028440,2836441,comp01
read_end,/mnt/lustre/shared/bigbrain/nii/1000_blocks/bigbrain_1540_2416_2085.nii,1605028447,2836441,comp01
read_start,/mnt/lustre/shared/bigbrain/nii/1000_blocks/bigbrain_1540_2416_1390.nii,1605028439,2836440,comp01
read_end,/mnt/lustre/shared/bigbrain/nii/1000_blocks/bigbrain_1540_2416_1390.nii,1605028449,2836440,comp01
read_start,/mnt/lustre/shared/bigbrain/nii/1000_blocks/bigbrain_1540_1812_3475.nii,1605028424,2836433,comp01
read_end,/mnt/lustre/shared/bigbrain/nii/1000_blocks/bigbrain_1540_1812_3475.nii,1605028451,2836433,comp01
read_start,/mnt/lustre/shared/bigbrain/nii/1000_blocks/bigbrain_1540_2416_4170.nii,1605028445,2836445,comp01
read_end,/mnt/lustre/shared/bigbrain/nii/1000_blocks/bigbrain_1540_2416_4170.nii,1605028452,2836445,comp01
read_start,/mnt/lustre/shared/bigbrain/nii/1000_blocks/bigbrain_1540_2416_5560.nii,1605028449,2836447,comp01
read_end,/mnt/lustre/shared/bigbrain/nii/1000_blocks/bigbrain_1540_2416_5560.nii,1605028454,2836447,comp01
read_start,/mnt/lustre/shared/bigbrain/nii/1000_blocks/bigbrain_1540_2416_3475.nii,1605028444,2836443,comp01
read_end,/mnt/lustre/shared/bigbrain/nii/1000_blocks/bigbrain_1540_2416_3475.nii,1605028456,2836443,comp01
read_start,/mnt/lustre/shared/bigbrain/nii/1000_blocks/bigbrain_1540_3020_1390.nii,1605028456,2836451,comp01
read_end,/mnt/lustre/shared/bigbrain/nii/1000_blocks/bigbrain_1540_3020_1390.nii,1605028460,2836451,comp01
read_start,/mnt/lustre/shared/bigbrain/nii/1000_blocks/bigbrain_1540_2416_4865.nii,1605028447,2836446,comp01
read_end,/mnt/lustre/shared/bigbrain/nii/1000_blocks/bigbrain_1540_2416_4865.nii,1605028461,2836446,comp01
read_start,/mnt/lustre/shared/bigbrain/nii/1000_blocks/bigbrain_1540_2416_2780.nii,1605028442,2836442,comp01
read_end,/mnt/lustre/shared/bigbrain/nii/1000_blocks/bigbrain_1540_2416_2780.nii,1605028464,2836442,comp01
read_start,/mnt/lustre/shared/bigbrain/nii/1000_blocks/bigbrain_1540_2416_695.nii,1605028452,2836449,comp01
read_end,/mnt/lustre/shared/bigbrain/nii/1000_blocks/bigbrain_1540_2416_695.nii,1605028465,2836449,comp01
read_start,/mnt/lustre/shared/bigbrain/nii/1000_blocks/bigbrain_1540_3020_0.nii,1605028454,2836450,comp01
read_end,/mnt/lustre/shared/bigbrain/nii/1000_blocks/bigbrain_1540_3020_0.nii,1605028465,2836450,comp01
read_start,/mnt/lustre/shared/bigbrain/nii/1000_blocks/bigbrain_1540_3020_4170.nii,1605028465,2836455,comp01
read_end,/mnt/lustre/shared/bigbrain/nii/1000_blocks/bigbrain_1540_3020_4170.nii,1605028468,2836455,comp01
read_start,/mnt/lustre/shared/bigbrain/nii/1000_blocks/bigbrain_1540_2416_6255.nii,1605028451,2836448,comp01
read_end,/mnt/lustre/shared/bigbrain/nii/1000_blocks/bigbrain_1540_2416_6255.nii,1605028469,2836448,comp01
read_start,/mnt/lustre/shared/bigbrain/nii/1000_blocks/bigbrain_1540_3020_2780.nii,1605028461,2836453,comp01
read_end,/mnt/lustre/shared/bigbrain/nii/1000_blocks/bigbrain_1540_3020_2780.nii,1605028471,2836453,comp01
read_start,/mnt/lustre/shared/bigbrain/nii/1000_blocks/bigbrain_1540_3020_3475.nii,1605028464,2836454,comp01
read_end,/mnt/lustre/shared/bigbrain/nii/1000_blocks/bigbrain_1540_3020_3475.nii,1605028473,2836454,comp01
read_start,/mnt/lustre/shared/bigbrain/nii/1000_blocks/bigbrain_1540_3020_5560.nii,1605028468,2836457,comp01
read_end,/mnt/lustre/shared/bigbrain/nii/1000_blocks/bigbrain_1540_3020_5560.nii,1605028476,2836457,comp01
read_start,/mnt/lustre/shared/bigbrain/nii/1000_blocks/bigbrain_1540_3020_2085.nii,1605028460,2836452,comp01
read_end,/mnt/lustre/shared/bigbrain/nii/1000_blocks/bigbrain_1540_3020_2085.nii,1605028478,2836452,comp01
read_start,/mnt/lustre/shared/bigbrain/nii/1000_blocks/bigbrain_1540_3624_0.nii,1605028473,2836460,comp01
read_end,/mnt/lustre/shared/bigbrain/nii/1000_blocks/bigbrain_1540_3624_0.nii,1605028481,2836460,comp01
read_start,/mnt/lustre/shared/bigbrain/nii/1000_blocks/bigbrain_1540_3020_695.nii,1605028471,2836459,comp01
read_end,/mnt/lustre/shared/bigbrain/nii/1000_blocks/bigbrain_1540_3020_695.nii,1605028482,2836459,comp01
read_start,/mnt/lustre/shared/bigbrain/nii/1000_blocks/bigbrain_1540_3020_4865.nii,1605028465,2836456,comp01
read_end,/mnt/lustre/shared/bigbrain/nii/1000_blocks/bigbrain_1540_3020_4865.nii,1605028486,2836456,comp01
read_start,/mnt/lustre/shared/bigbrain/nii/1000_blocks/bigbrain_1540_3020_6255.nii,1605028469,2836458,comp01
read_end,/mnt/lustre/shared/bigbrain/nii/1000_blocks/bigbrain_1540_3020_6255.nii,1605028487,2836458,comp01
read_start,/mnt/lustre/shared/bigbrain/nii/1000_blocks/bigbrain_1540_3624_3475.nii,1605028482,2836464,comp01
read_end,/mnt/lustre/shared/bigbrain/nii/1000_blocks/bigbrain_1540_3624_3475.nii,1605028489,2836464,comp01
read_start,/mnt/lustre/shared/bigbrain/nii/1000_blocks/bigbrain_1540_3624_4170.nii,1605028486,2836466,comp01
read_end,/mnt/lustre/shared/bigbrain/nii/1000_blocks/bigbrain_1540_3624_4170.nii,1605028491,2836466,comp01
read_start,/mnt/lustre/shared/bigbrain/nii/1000_blocks/bigbrain_1540_3624_2085.nii,1605028478,2836462,comp01
read_end,/mnt/lustre/shared/bigbrain/nii/1000_blocks/bigbrain_1540_3624_2085.nii,1605028491,2836462,comp01
read_start,/mnt/lustre/shared/bigbrain/nii/1000_blocks/bigbrain_1540_3624_2780.nii,1605028481,2836463,comp01
read_end,/mnt/lustre/shared/bigbrain/nii/1000_blocks/bigbrain_1540_3624_2780.nii,1605028492,2836463,comp01
read_start,/mnt/lustre/shared/bigbrain/nii/1000_blocks/bigbrain_1540_3624_4865.nii,1605028487,2836467,comp01
read_end,/mnt/lustre/shared/bigbrain/nii/1000_blocks/bigbrain_1540_3624_4865.nii,1605028495,2836467,comp01
read_start,/mnt/lustre/shared/bigbrain/nii/1000_blocks/bigbrain_1540_3624_1390.nii,1605028476,2836461,comp01
read_end,/mnt/lustre/shared/bigbrain/nii/1000_blocks/bigbrain_1540_3624_1390.nii,1605028495,2836461,comp01
read_start,/mnt/lustre/shared/bigbrain/nii/1000_blocks/bigbrain_1540_3624_5560.nii,1605028489,2836468,comp01
read_end,/mnt/lustre/shared/bigbrain/nii/1000_blocks/bigbrain_1540_3624_5560.nii,1605028500,2836468,comp01
read_start,/mnt/lustre/shared/bigbrain/nii/1000_blocks/bigbrain_1540_4228_1390.nii,1605028495,2836472,comp01
read_end,/mnt/lustre/shared/bigbrain/nii/1000_blocks/bigbrain_1540_4228_1390.nii,1605028500,2836472,comp01
read_start,/mnt/lustre/shared/bigbrain/nii/1000_blocks/bigbrain_1540_4228_0.nii,1605028492,2836471,comp01
read_end,/mnt/lustre/shared/bigbrain/nii/1000_blocks/bigbrain_1540_4228_0.nii,1605028502,2836471,comp01
read_start,/mnt/lustre/shared/bigbrain/nii/1000_blocks/bigbrain_1540_4228_4170.nii,1605028502,2836476,comp01
read_end,/mnt/lustre/shared/bigbrain/nii/1000_blocks/bigbrain_1540_4228_4170.nii,1605028506,2836476,comp01
read_start,/mnt/lustre/shared/bigbrain/nii/1000_blocks/bigbrain_1540_4228_2780.nii,1605028500,2836474,comp01
read_end,/mnt/lustre/shared/bigbrain/nii/1000_blocks/bigbrain_1540_4228_2780.nii,1605028508,2836474,comp01
read_start,/mnt/lustre/shared/bigbrain/nii/1000_blocks/bigbrain_1540_3624_695.nii,1605028491,2836470,comp01
read_end,/mnt/lustre/shared/bigbrain/nii/1000_blocks/bigbrain_1540_3624_695.nii,1605028509,2836470,comp01
read_start,/mnt/lustre/shared/bigbrain/nii/1000_blocks/bigbrain_1540_4228_2085.nii,1605028495,2836473,comp01
read_end,/mnt/lustre/shared/bigbrain/nii/1000_blocks/bigbrain_1540_4228_2085.nii,1605028510,2836473,comp01
read_start,/mnt/lustre/shared/bigbrain/nii/1000_blocks/bigbrain_1540_4228_6255.nii,1605028509,2836480,comp01
read_end,/mnt/lustre/shared/bigbrain/nii/1000_blocks/bigbrain_1540_4228_6255.nii,1605028512,2836480,comp01
read_start,/mnt/lustre/shared/bigbrain/nii/1000_blocks/bigbrain_1540_4228_695.nii,1605028510,2836481,comp01
read_end,/mnt/lustre/shared/bigbrain/nii/1000_blocks/bigbrain_1540_4228_695.nii,1605028515,2836481,comp01
read_start,/mnt/lustre/shared/bigbrain/nii/1000_blocks/bigbrain_1540_4832_0.nii,1605028512,2836482,comp01
read_end,/mnt/lustre/shared/bigbrain/nii/1000_blocks/bigbrain_1540_4832_0.nii,1605028518,2836482,comp01
read_start,/mnt/lustre/shared/bigbrain/nii/1000_blocks/bigbrain_1540_4832_1390.nii,1605028515,2836483,comp01
read_end,/mnt/lustre/shared/bigbrain/nii/1000_blocks/bigbrain_1540_4832_1390.nii,1605028520,2836483,comp01
read_start,/mnt/lustre/shared/bigbrain/nii/1000_blocks/bigbrain_1540_4832_2085.nii,1605028518,2836484,comp01
read_end,/mnt/lustre/shared/bigbrain/nii/1000_blocks/bigbrain_1540_4832_2085.nii,1605028522,2836484,comp01
read_start,/mnt/lustre/shared/bigbrain/nii/1000_blocks/bigbrain_1540_4228_4865.nii,1605028506,2836478,comp01
read_end,/mnt/lustre/shared/bigbrain/nii/1000_blocks/bigbrain_1540_4228_4865.nii,1605028524,2836478,comp01
read_start,/mnt/lustre/shared/bigbrain/nii/1000_blocks/bigbrain_1540_3624_6255.nii,1605028491,2836469,comp01
read_end,/mnt/lustre/shared/bigbrain/nii/1000_blocks/bigbrain_1540_3624_6255.nii,1605028525,2836469,comp01
read_start,/mnt/lustre/shared/bigbrain/nii/1000_blocks/bigbrain_1540_4832_4170.nii,1605028524,2836487,comp01
read_end,/mnt/lustre/shared/bigbrain/nii/1000_blocks/bigbrain_1540_4832_4170.nii,1605028528,2836487,comp01
read_start,/mnt/lustre/shared/bigbrain/nii/1000_blocks/bigbrain_1540_4228_5560.nii,1605028508,2836479,comp01
read_end,/mnt/lustre/shared/bigbrain/nii/1000_blocks/bigbrain_1540_4228_5560.nii,1605028529,2836479,comp01
read_start,/mnt/lustre/shared/bigbrain/nii/1000_blocks/bigbrain_1540_4832_4865.nii,1605028525,2836488,comp01
read_end,/mnt/lustre/shared/bigbrain/nii/1000_blocks/bigbrain_1540_4832_4865.nii,1605028531,2836488,comp01
read_start,/mnt/lustre/shared/bigbrain/nii/1000_blocks/bigbrain_1540_4832_3475.nii,1605028522,2836486,comp01
read_end,/mnt/lustre/shared/bigbrain/nii/1000_blocks/bigbrain_1540_4832_3475.nii,1605028532,2836486,comp01
read_start,/mnt/lustre/shared/bigbrain/nii/1000_blocks/bigbrain_1540_4228_3475.nii,1605028500,2836475,comp01
read_end,/mnt/lustre/shared/bigbrain/nii/1000_blocks/bigbrain_1540_4228_3475.nii,1605028533,2836475,comp01
read_start,/mnt/lustre/shared/bigbrain/nii/1000_blocks/bigbrain_1540_4832_695.nii,1605028531,2836491,comp01
read_end,/mnt/lustre/shared/bigbrain/nii/1000_blocks/bigbrain_1540_4832_695.nii,1605028536,2836491,comp01
read_start,/mnt/lustre/shared/bigbrain/nii/1000_blocks/bigbrain_1540_4832_6255.nii,1605028529,2836490,comp01
read_end,/mnt/lustre/shared/bigbrain/nii/1000_blocks/bigbrain_1540_4832_6255.nii,1605028539,2836490,comp01
read_start,/mnt/lustre/shared/bigbrain/nii/1000_blocks/bigbrain_1540_4832_2780.nii,1605028520,2836485,comp01
read_end,/mnt/lustre/shared/bigbrain/nii/1000_blocks/bigbrain_1540_4832_2780.nii,1605028542,2836485,comp01
read_start,/mnt/lustre/shared/bigbrain/nii/1000_blocks/bigbrain_1540_5436_0.nii,1605028532,2836492,comp01
read_end,/mnt/lustre/shared/bigbrain/nii/1000_blocks/bigbrain_1540_5436_0.nii,1605028543,2836492,comp01
read_start,/mnt/lustre/shared/bigbrain/nii/1000_blocks/bigbrain_1540_5436_1390.nii,1605028533,2836493,comp01
read_end,/mnt/lustre/shared/bigbrain/nii/1000_blocks/bigbrain_1540_5436_1390.nii,1605028545,2836493,comp01
read_start,/mnt/lustre/shared/bigbrain/nii/1000_blocks/bigbrain_1540_5436_4170.nii,1605028543,2836497,comp01
read_end,/mnt/lustre/shared/bigbrain/nii/1000_blocks/bigbrain_1540_5436_4170.nii,1605028547,2836497,comp01
read_start,/mnt/lustre/shared/bigbrain/nii/1000_blocks/bigbrain_1540_5436_4865.nii,1605028545,2836498,comp01
read_end,/mnt/lustre/shared/bigbrain/nii/1000_blocks/bigbrain_1540_5436_4865.nii,1605028550,2836498,comp01
read_start,/mnt/lustre/shared/bigbrain/nii/1000_blocks/bigbrain_1540_5436_2085.nii,1605028536,2836494,comp01
read_end,/mnt/lustre/shared/bigbrain/nii/1000_blocks/bigbrain_1540_5436_2085.nii,1605028550,2836494,comp01
read_start,/mnt/lustre/shared/bigbrain/nii/1000_blocks/bigbrain_1540_5436_2780.nii,1605028539,2836495,comp01
read_end,/mnt/lustre/shared/bigbrain/nii/1000_blocks/bigbrain_1540_5436_2780.nii,1605028552,2836495,comp01
read_start,/mnt/lustre/shared/bigbrain/nii/1000_blocks/bigbrain_1540_4832_5560.nii,1605028528,2836489,comp01
read_end,/mnt/lustre/shared/bigbrain/nii/1000_blocks/bigbrain_1540_4832_5560.nii,1605028552,2836489,comp01
read_start,/mnt/lustre/shared/bigbrain/nii/1000_blocks/bigbrain_1540_604_0.nii,1605028552,2836502,comp01
read_end,/mnt/lustre/shared/bigbrain/nii/1000_blocks/bigbrain_1540_604_0.nii,1605028556,2836502,comp01
read_start,/mnt/lustre/shared/bigbrain/nii/1000_blocks/bigbrain_1540_5436_6255.nii,1605028550,2836500,comp01
read_end,/mnt/lustre/shared/bigbrain/nii/1000_blocks/bigbrain_1540_5436_6255.nii,1605028559,2836500,comp01
read_start,/mnt/lustre/shared/bigbrain/nii/1000_blocks/bigbrain_1540_604_1390.nii,1605028552,2836503,comp01
read_end,/mnt/lustre/shared/bigbrain/nii/1000_blocks/bigbrain_1540_604_1390.nii,1605028560,2836503,comp01
read_start,/mnt/lustre/shared/bigbrain/nii/1000_blocks/bigbrain_1540_5436_3475.nii,1605028542,2836496,comp01
read_end,/mnt/lustre/shared/bigbrain/nii/1000_blocks/bigbrain_1540_5436_3475.nii,1605028561,2836496,comp01
read_start,/mnt/lustre/shared/bigbrain/nii/1000_blocks/bigbrain_1540_604_2780.nii,1605028559,2836505,comp01
read_end,/mnt/lustre/shared/bigbrain/nii/1000_blocks/bigbrain_1540_604_2780.nii,1605028563,2836505,comp01
read_start,/mnt/lustre/shared/bigbrain/nii/1000_blocks/bigbrain_1540_5436_695.nii,1605028550,2836501,comp01
read_end,/mnt/lustre/shared/bigbrain/nii/1000_blocks/bigbrain_1540_5436_695.nii,1605028564,2836501,comp01
read_start,/mnt/lustre/shared/bigbrain/nii/1000_blocks/bigbrain_1540_604_4170.nii,1605028561,2836507,comp01
read_end,/mnt/lustre/shared/bigbrain/nii/1000_blocks/bigbrain_1540_604_4170.nii,1605028567,2836507,comp01
read_start,/mnt/lustre/shared/bigbrain/nii/1000_blocks/bigbrain_1540_604_2085.nii,1605028556,2836504,comp01
read_end,/mnt/lustre/shared/bigbrain/nii/1000_blocks/bigbrain_1540_604_2085.nii,1605028568,2836504,comp01
read_start,/mnt/lustre/shared/bigbrain/nii/1000_blocks/bigbrain_1540_604_3475.nii,1605028560,2836506,comp01
read_end,/mnt/lustre/shared/bigbrain/nii/1000_blocks/bigbrain_1540_604_3475.nii,1605028570,2836506,comp01
read_start,/mnt/lustre/shared/bigbrain/nii/1000_blocks/bigbrain_1540_5436_5560.nii,1605028547,2836499,comp01
read_end,/mnt/lustre/shared/bigbrain/nii/1000_blocks/bigbrain_1540_5436_5560.nii,1605028570,2836499,comp01
read_start,/mnt/lustre/shared/bigbrain/nii/1000_blocks/bigbrain_1540_604_6255.nii,1605028567,2836511,comp01
read_end,/mnt/lustre/shared/bigbrain/nii/1000_blocks/bigbrain_1540_604_6255.nii,1605028573,2836511,comp01
read_start,/mnt/lustre/shared/bigbrain/nii/1000_blocks/bigbrain_1540_604_695.nii,1605028568,2836512,comp01
read_end,/mnt/lustre/shared/bigbrain/nii/1000_blocks/bigbrain_1540_604_695.nii,1605028575,2836512,comp01
read_start,/mnt/lustre/shared/bigbrain/nii/1000_blocks/bigbrain_2310_0_0.nii,1605028570,2836513,comp01
read_end,/mnt/lustre/shared/bigbrain/nii/1000_blocks/bigbrain_2310_0_0.nii,1605028578,2836513,comp01
read_start,/mnt/lustre/shared/bigbrain/nii/1000_blocks/bigbrain_2310_0_1390.nii,1605028570,2836514,comp01
read_end,/mnt/lustre/shared/bigbrain/nii/1000_blocks/bigbrain_2310_0_1390.nii,1605028580,2836514,comp01
read_start,/mnt/lustre/shared/bigbrain/nii/1000_blocks/bigbrain_1540_604_5560.nii,1605028564,2836510,comp01
read_end,/mnt/lustre/shared/bigbrain/nii/1000_blocks/bigbrain_1540_604_5560.nii,1605028582,2836510,comp01
read_start,/mnt/lustre/shared/bigbrain/nii/1000_blocks/bigbrain_2310_0_4170.nii,1605028580,2836518,comp01
read_end,/mnt/lustre/shared/bigbrain/nii/1000_blocks/bigbrain_2310_0_4170.nii,1605028584,2836518,comp01
read_start,/mnt/lustre/shared/bigbrain/nii/1000_blocks/bigbrain_2310_0_2085.nii,1605028573,2836515,comp01
read_end,/mnt/lustre/shared/bigbrain/nii/1000_blocks/bigbrain_2310_0_2085.nii,1605028587,2836515,comp01
read_start,/mnt/lustre/shared/bigbrain/nii/1000_blocks/bigbrain_2310_0_5560.nii,1605028584,2836520,comp01
read_end,/mnt/lustre/shared/bigbrain/nii/1000_blocks/bigbrain_2310_0_5560.nii,1605028590,2836520,comp01
read_start,/mnt/lustre/shared/bigbrain/nii/1000_blocks/bigbrain_2310_0_2780.nii,1605028575,2836516,comp01
read_end,/mnt/lustre/shared/bigbrain/nii/1000_blocks/bigbrain_2310_0_2780.nii,1605028591,2836516,comp01
read_start,/mnt/lustre/shared/bigbrain/nii/1000_blocks/bigbrain_2310_0_4865.nii,1605028582,2836519,comp01
read_end,/mnt/lustre/shared/bigbrain/nii/1000_blocks/bigbrain_2310_0_4865.nii,1605028592,2836519,comp01
read_start,/mnt/lustre/shared/bigbrain/nii/1000_blocks/bigbrain_1540_604_4865.nii,1605028563,2836509,comp01
read_end,/mnt/lustre/shared/bigbrain/nii/1000_blocks/bigbrain_1540_604_4865.nii,1605028593,2836509,comp01
read_start,/mnt/lustre/shared/bigbrain/nii/1000_blocks/bigbrain_2310_1208_0.nii,1605028591,2836523,comp01
read_end,/mnt/lustre/shared/bigbrain/nii/1000_blocks/bigbrain_2310_1208_0.nii,1605028596,2836523,comp01
read_start,/mnt/lustre/shared/bigbrain/nii/1000_blocks/bigbrain_2310_0_695.nii,1605028590,2836522,comp01
read_end,/mnt/lustre/shared/bigbrain/nii/1000_blocks/bigbrain_2310_0_695.nii,1605028598,2836522,comp01
read_start,/mnt/lustre/shared/bigbrain/nii/1000_blocks/bigbrain_2310_0_6255.nii,1605028587,2836521,comp01
read_end,/mnt/lustre/shared/bigbrain/nii/1000_blocks/bigbrain_2310_0_6255.nii,1605028599,2836521,comp01
read_start,/mnt/lustre/shared/bigbrain/nii/1000_blocks/bigbrain_2310_1208_2780.nii,1605028596,2836526,comp01
read_end,/mnt/lustre/shared/bigbrain/nii/1000_blocks/bigbrain_2310_1208_2780.nii,1605028602,2836526,comp01
read_start,/mnt/lustre/shared/bigbrain/nii/1000_blocks/bigbrain_2310_0_3475.nii,1605028578,2836517,comp01
read_end,/mnt/lustre/shared/bigbrain/nii/1000_blocks/bigbrain_2310_0_3475.nii,1605028603,2836517,comp01
read_start,/mnt/lustre/shared/bigbrain/nii/1000_blocks/bigbrain_2310_1208_4865.nii,1605028602,2836529,comp01
read_end,/mnt/lustre/shared/bigbrain/nii/1000_blocks/bigbrain_2310_1208_4865.nii,1605028605,2836529,comp01
read_start,/mnt/lustre/shared/bigbrain/nii/1000_blocks/bigbrain_2310_1208_6255.nii,1605028605,2836531,comp01
read_end,/mnt/lustre/shared/bigbrain/nii/1000_blocks/bigbrain_2310_1208_6255.nii,1605028609,2836531,comp01
read_start,/mnt/lustre/shared/bigbrain/nii/1000_blocks/bigbrain_2310_1208_3475.nii,1605028598,2836527,comp01
read_end,/mnt/lustre/shared/bigbrain/nii/1000_blocks/bigbrain_2310_1208_3475.nii,1605028612,2836527,comp01
read_start,/mnt/lustre/shared/bigbrain/nii/1000_blocks/bigbrain_2310_1208_5560.nii,1605028603,2836530,comp01
read_end,/mnt/lustre/shared/bigbrain/nii/1000_blocks/bigbrain_2310_1208_5560.nii,1605028613,2836530,comp01
read_start,/mnt/lustre/shared/bigbrain/nii/1000_blocks/bigbrain_2310_1208_1390.nii,1605028592,2836524,comp01
read_end,/mnt/lustre/shared/bigbrain/nii/1000_blocks/bigbrain_2310_1208_1390.nii,1605028614,2836524,comp01
read_start,/mnt/lustre/shared/bigbrain/nii/1000_blocks/bigbrain_2310_1208_695.nii,1605028609,2836532,comp01
read_end,/mnt/lustre/shared/bigbrain/nii/1000_blocks/bigbrain_2310_1208_695.nii,1605028616,2836532,comp01
read_start,/mnt/lustre/shared/bigbrain/nii/1000_blocks/bigbrain_2310_1208_4170.nii,1605028599,2836528,comp01
read_end,/mnt/lustre/shared/bigbrain/nii/1000_blocks/bigbrain_2310_1208_4170.nii,1605028616,2836528,comp01
read_start,/mnt/lustre/shared/bigbrain/nii/1000_blocks/bigbrain_2310_1812_0.nii,1605028612,2836534,comp01
read_end,/mnt/lustre/shared/bigbrain/nii/1000_blocks/bigbrain_2310_1812_0.nii,1605028618,2836534,comp01
read_start,/mnt/lustre/shared/bigbrain/nii/1000_blocks/bigbrain_2310_1812_2780.nii,1605028616,2836537,comp01
read_end,/mnt/lustre/shared/bigbrain/nii/1000_blocks/bigbrain_2310_1812_2780.nii,1605028622,2836537,comp01
read_start,/mnt/lustre/shared/bigbrain/nii/1000_blocks/bigbrain_2310_1208_2085.nii,1605028593,2836525,comp01
read_end,/mnt/lustre/shared/bigbrain/nii/1000_blocks/bigbrain_2310_1208_2085.nii,1605028622,2836525,comp01
read_start,/mnt/lustre/shared/bigbrain/nii/1000_blocks/bigbrain_2310_1812_4865.nii,1605028622,2836541,comp01
read_end,/mnt/lustre/shared/bigbrain/nii/1000_blocks/bigbrain_2310_1812_4865.nii,1605028626,2836541,comp01
read_start,/mnt/lustre/shared/bigbrain/nii/1000_blocks/bigbrain_2310_1812_3475.nii,1605028616,2836538,comp01
read_end,/mnt/lustre/shared/bigbrain/nii/1000_blocks/bigbrain_2310_1812_3475.nii,1605028627,2836538,comp01
read_start,/mnt/lustre/shared/bigbrain/nii/1000_blocks/bigbrain_2310_1812_6255.nii,1605028626,2836544,comp01
read_end,/mnt/lustre/shared/bigbrain/nii/1000_blocks/bigbrain_2310_1812_6255.nii,1605028630,2836544,comp01
read_start,/mnt/lustre/shared/bigbrain/nii/1000_blocks/bigbrain_2310_1812_1390.nii,1605028613,2836535,comp01
read_end,/mnt/lustre/shared/bigbrain/nii/1000_blocks/bigbrain_2310_1812_1390.nii,1605028631,2836535,comp01
read_start,/mnt/lustre/shared/bigbrain/nii/1000_blocks/bigbrain_2310_1812_695.nii,1605028627,2836545,comp01
read_end,/mnt/lustre/shared/bigbrain/nii/1000_blocks/bigbrain_2310_1812_695.nii,1605028633,2836545,comp01
read_start,/mnt/lustre/shared/bigbrain/nii/1000_blocks/bigbrain_2310_1812_4170.nii,1605028618,2836540,comp01
read_end,/mnt/lustre/shared/bigbrain/nii/1000_blocks/bigbrain_2310_1812_4170.nii,1605028634,2836540,comp01
read_start,/mnt/lustre/shared/bigbrain/nii/1000_blocks/bigbrain_2310_1812_5560.nii,1605028622,2836542,comp01
read_end,/mnt/lustre/shared/bigbrain/nii/1000_blocks/bigbrain_2310_1812_5560.nii,1605028635,2836542,comp01
read_start,/mnt/lustre/shared/bigbrain/nii/1000_blocks/bigbrain_2310_2416_2085.nii,1605028633,2836548,comp01
read_end,/mnt/lustre/shared/bigbrain/nii/1000_blocks/bigbrain_2310_2416_2085.nii,1605028638,2836548,comp01
read_start,/mnt/lustre/shared/bigbrain/nii/1000_blocks/bigbrain_2310_1812_2085.nii,1605028614,2836536,comp01
read_end,/mnt/lustre/shared/bigbrain/nii/1000_blocks/bigbrain_2310_1812_2085.nii,1605028639,2836536,comp01
read_start,/mnt/lustre/shared/bigbrain/nii/1000_blocks/bigbrain_2310_2416_0.nii,1605028630,2836546,comp01
read_end,/mnt/lustre/shared/bigbrain/nii/1000_blocks/bigbrain_2310_2416_0.nii,1605028641,2836546,comp01
read_start,/mnt/lustre/shared/bigbrain/nii/1000_blocks/bigbrain_2310_2416_2780.nii,1605028634,2836549,comp01
read_end,/mnt/lustre/shared/bigbrain/nii/1000_blocks/bigbrain_2310_2416_2780.nii,1605028643,2836549,comp01
read_start,/mnt/lustre/shared/bigbrain/nii/1000_blocks/bigbrain_2310_2416_1390.nii,1605028631,2836547,comp01
read_end,/mnt/lustre/shared/bigbrain/nii/1000_blocks/bigbrain_2310_2416_1390.nii,1605028647,2836547,comp01
read_start,/mnt/lustre/shared/bigbrain/nii/1000_blocks/bigbrain_2310_2416_4865.nii,1605028639,2836552,comp01
read_end,/mnt/lustre/shared/bigbrain/nii/1000_blocks/bigbrain_2310_2416_4865.nii,1605028648,2836552,comp01
read_start,/mnt/lustre/shared/bigbrain/nii/1000_blocks/bigbrain_2310_2416_4170.nii,1605028638,2836551,comp01
read_end,/mnt/lustre/shared/bigbrain/nii/1000_blocks/bigbrain_2310_2416_4170.nii,1605028649,2836551,comp01
read_start,/mnt/lustre/shared/bigbrain/nii/1000_blocks/bigbrain_2310_2416_695.nii,1605028647,2836555,comp01
read_end,/mnt/lustre/shared/bigbrain/nii/1000_blocks/bigbrain_2310_2416_695.nii,1605028652,2836555,comp01
read_start,/mnt/lustre/shared/bigbrain/nii/1000_blocks/bigbrain_2310_2416_6255.nii,1605028643,2836554,comp01
read_end,/mnt/lustre/shared/bigbrain/nii/1000_blocks/bigbrain_2310_2416_6255.nii,1605028654,2836554,comp01
read_start,/mnt/lustre/shared/bigbrain/nii/1000_blocks/bigbrain_2310_3020_2085.nii,1605028652,2836558,comp01
read_end,/mnt/lustre/shared/bigbrain/nii/1000_blocks/bigbrain_2310_3020_2085.nii,1605028656,2836558,comp01
read_start,/mnt/lustre/shared/bigbrain/nii/1000_blocks/bigbrain_2310_3020_0.nii,1605028648,2836556,comp01
read_end,/mnt/lustre/shared/bigbrain/nii/1000_blocks/bigbrain_2310_3020_0.nii,1605028658,2836556,comp01
read_start,/mnt/lustre/shared/bigbrain/nii/1000_blocks/bigbrain_2310_3020_2780.nii,1605028654,2836559,comp01
read_end,/mnt/lustre/shared/bigbrain/nii/1000_blocks/bigbrain_2310_3020_2780.nii,1605028660,2836559,comp01
read_start,/mnt/lustre/shared/bigbrain/nii/1000_blocks/bigbrain_2310_2416_3475.nii,1605028635,2836550,comp01
read_end,/mnt/lustre/shared/bigbrain/nii/1000_blocks/bigbrain_2310_2416_3475.nii,1605028661,2836550,comp01
read_start,/mnt/lustre/shared/bigbrain/nii/1000_blocks/bigbrain_2310_3020_1390.nii,1605028649,2836557,comp01
read_end,/mnt/lustre/shared/bigbrain/nii/1000_blocks/bigbrain_2310_3020_1390.nii,1605028663,2836557,comp01
read_start,/mnt/lustre/shared/bigbrain/nii/1000_blocks/bigbrain_2310_3020_6255.nii,1605028663,2836564,comp01
read_end,/mnt/lustre/shared/bigbrain/nii/1000_blocks/bigbrain_2310_3020_6255.nii,1605028666,2836564,comp01
read_start,/mnt/lustre/shared/bigbrain/nii/1000_blocks/bigbrain_2310_2416_5560.nii,1605028641,2836553,comp01
read_end,/mnt/lustre/shared/bigbrain/nii/1000_blocks/bigbrain_2310_2416_5560.nii,1605028668,2836553,comp01
read_start,/mnt/lustre/shared/bigbrain/nii/1000_blocks/bigbrain_2310_3020_4865.nii,1605028660,2836562,comp01
read_end,/mnt/lustre/shared/bigbrain/nii/1000_blocks/bigbrain_2310_3020_4865.nii,1605028669,2836562,comp01
read_start,/mnt/lustre/shared/bigbrain/nii/1000_blocks/bigbrain_2310_3624_0.nii,1605028668,2836566,comp01
read_end,/mnt/lustre/shared/bigbrain/nii/1000_blocks/bigbrain_2310_3624_0.nii,1605028671,2836566,comp01
read_start,/mnt/lustre/shared/bigbrain/nii/1000_blocks/bigbrain_2310_3020_3475.nii,1605028656,2836560,comp01
read_end,/mnt/lustre/shared/bigbrain/nii/1000_blocks/bigbrain_2310_3020_3475.nii,1605028672,2836560,comp01
read_start,/mnt/lustre/shared/bigbrain/nii/1000_blocks/bigbrain_2310_3020_4170.nii,1605028658,2836561,comp01
read_end,/mnt/lustre/shared/bigbrain/nii/1000_blocks/bigbrain_2310_3020_4170.nii,1605028674,2836561,comp01
read_start,/mnt/lustre/shared/bigbrain/nii/1000_blocks/bigbrain_2310_3624_2085.nii,1605028671,2836568,comp01
read_end,/mnt/lustre/shared/bigbrain/nii/1000_blocks/bigbrain_2310_3624_2085.nii,1605028676,2836568,comp01
read_start,/mnt/lustre/shared/bigbrain/nii/1000_blocks/bigbrain_2310_3020_5560.nii,1605028661,2836563,comp01
read_end,/mnt/lustre/shared/bigbrain/nii/1000_blocks/bigbrain_2310_3020_5560.nii,1605028677,2836563,comp01
read_start,/mnt/lustre/shared/bigbrain/nii/1000_blocks/bigbrain_2310_3624_2780.nii,1605028672,2836569,comp01
read_end,/mnt/lustre/shared/bigbrain/nii/1000_blocks/bigbrain_2310_3624_2780.nii,1605028680,2836569,comp01
read_start,/mnt/lustre/shared/bigbrain/nii/1000_blocks/bigbrain_2310_3624_1390.nii,1605028669,2836567,comp01
read_end,/mnt/lustre/shared/bigbrain/nii/1000_blocks/bigbrain_2310_3624_1390.nii,1605028682,2836567,comp01
read_start,/mnt/lustre/shared/bigbrain/nii/1000_blocks/bigbrain_2310_3020_695.nii,1605028666,2836565,comp01
read_end,/mnt/lustre/shared/bigbrain/nii/1000_blocks/bigbrain_2310_3020_695.nii,1605028685,2836565,comp01
read_start,/mnt/lustre/shared/bigbrain/nii/1000_blocks/bigbrain_2310_3624_5560.nii,1605028680,2836573,comp01
read_end,/mnt/lustre/shared/bigbrain/nii/1000_blocks/bigbrain_2310_3624_5560.nii,1605028687,2836573,comp01
read_start,/mnt/lustre/shared/bigbrain/nii/1000_blocks/bigbrain_2310_3624_3475.nii,1605028674,2836570,comp01
read_end,/mnt/lustre/shared/bigbrain/nii/1000_blocks/bigbrain_2310_3624_3475.nii,1605028689,2836570,comp01
read_start,/mnt/lustre/shared/bigbrain/nii/1000_blocks/bigbrain_2310_3624_4865.nii,1605028677,2836572,comp01
read_end,/mnt/lustre/shared/bigbrain/nii/1000_blocks/bigbrain_2310_3624_4865.nii,1605028689,2836572,comp01
read_start,/mnt/lustre/shared/bigbrain/nii/1000_blocks/bigbrain_2310_3624_6255.nii,1605028682,2836574,comp01
read_end,/mnt/lustre/shared/bigbrain/nii/1000_blocks/bigbrain_2310_3624_6255.nii,1605028691,2836574,comp01
read_start,/mnt/lustre/shared/bigbrain/nii/1000_blocks/bigbrain_2310_4228_2085.nii,1605028689,2836580,comp01
read_end,/mnt/lustre/shared/bigbrain/nii/1000_blocks/bigbrain_2310_4228_2085.nii,1605028693,2836580,comp01
read_start,/mnt/lustre/shared/bigbrain/nii/1000_blocks/bigbrain_2310_4228_0.nii,1605028687,2836578,comp01
read_end,/mnt/lustre/shared/bigbrain/nii/1000_blocks/bigbrain_2310_4228_0.nii,1605028695,2836578,comp01
read_start,/mnt/lustre/shared/bigbrain/nii/1000_blocks/bigbrain_2310_3624_4170.nii,1605028676,2836571,comp01
read_end,/mnt/lustre/shared/bigbrain/nii/1000_blocks/bigbrain_2310_3624_4170.nii,1605028697,2836571,comp01
read_start,/mnt/lustre/shared/bigbrain/nii/1000_blocks/bigbrain_2310_3624_695.nii,1605028685,2836576,comp01
read_end,/mnt/lustre/shared/bigbrain/nii/1000_blocks/bigbrain_2310_3624_695.nii,1605028698,2836576,comp01
read_start,/mnt/lustre/shared/bigbrain/nii/1000_blocks/bigbrain_2310_4228_3475.nii,1605028693,2836582,comp01
read_end,/mnt/lustre/shared/bigbrain/nii/1000_blocks/bigbrain_2310_4228_3475.nii,1605028702,2836582,comp01
read_start,/mnt/lustre/shared/bigbrain/nii/1000_blocks/bigbrain_2310_4228_2780.nii,1605028691,2836581,comp01
read_end,/mnt/lustre/shared/bigbrain/nii/1000_blocks/bigbrain_2310_4228_2780.nii,1605028705,2836581,comp01
read_start,/mnt/lustre/shared/bigbrain/nii/1000_blocks/bigbrain_2310_4228_1390.nii,1605028689,2836579,comp01
read_end,/mnt/lustre/shared/bigbrain/nii/1000_blocks/bigbrain_2310_4228_1390.nii,1605028706,2836579,comp01
read_start,/mnt/lustre/shared/bigbrain/nii/1000_blocks/bigbrain_2310_4228_4170.nii,1605028695,2836583,comp01
read_end,/mnt/lustre/shared/bigbrain/nii/1000_blocks/bigbrain_2310_4228_4170.nii,1605028707,2836583,comp01
read_start,/mnt/lustre/shared/bigbrain/nii/1000_blocks/bigbrain_2310_4228_695.nii,1605028705,2836587,comp01
read_end,/mnt/lustre/shared/bigbrain/nii/1000_blocks/bigbrain_2310_4228_695.nii,1605028709,2836587,comp01
read_start,/mnt/lustre/shared/bigbrain/nii/1000_blocks/bigbrain_2310_4228_5560.nii,1605028698,2836585,comp01
read_end,/mnt/lustre/shared/bigbrain/nii/1000_blocks/bigbrain_2310_4228_5560.nii,1605028711,2836585,comp01
read_start,/mnt/lustre/shared/bigbrain/nii/1000_blocks/bigbrain_2310_4832_2780.nii,1605028711,2836591,comp01
read_end,/mnt/lustre/shared/bigbrain/nii/1000_blocks/bigbrain_2310_4832_2780.nii,1605028714,2836591,comp01
read_start,/mnt/lustre/shared/bigbrain/nii/1000_blocks/bigbrain_2310_4832_2085.nii,1605028709,2836590,comp01
read_end,/mnt/lustre/shared/bigbrain/nii/1000_blocks/bigbrain_2310_4832_2085.nii,1605028716,2836590,comp01
read_start,/mnt/lustre/shared/bigbrain/nii/1000_blocks/bigbrain_2310_4832_1390.nii,1605028707,2836589,comp01
read_end,/mnt/lustre/shared/bigbrain/nii/1000_blocks/bigbrain_2310_4832_1390.nii,1605028718,2836589,comp01
read_start,/mnt/lustre/shared/bigbrain/nii/1000_blocks/bigbrain_2310_4228_6255.nii,1605028702,2836586,comp01
read_end,/mnt/lustre/shared/bigbrain/nii/1000_blocks/bigbrain_2310_4228_6255.nii,1605028720,2836586,comp01
read_start,/mnt/lustre/shared/bigbrain/nii/1000_blocks/bigbrain_2310_4228_4865.nii,1605028697,2836584,comp01
read_end,/mnt/lustre/shared/bigbrain/nii/1000_blocks/bigbrain_2310_4228_4865.nii,1605028720,2836584,comp01
read_start,/mnt/lustre/shared/bigbrain/nii/1000_blocks/bigbrain_2310_4832_0.nii,1605028706,2836588,comp01
read_end,/mnt/lustre/shared/bigbrain/nii/1000_blocks/bigbrain_2310_4832_0.nii,1605028721,2836588,comp01
read_start,/mnt/lustre/shared/bigbrain/nii/1000_blocks/bigbrain_2310_4832_4865.nii,1605028718,2836594,comp01
read_end,/mnt/lustre/shared/bigbrain/nii/1000_blocks/bigbrain_2310_4832_4865.nii,1605028724,2836594,comp01
read_start,/mnt/lustre/shared/bigbrain/nii/1000_blocks/bigbrain_2310_4832_4170.nii,1605028716,2836593,comp01
read_end,/mnt/lustre/shared/bigbrain/nii/1000_blocks/bigbrain_2310_4832_4170.nii,1605028725,2836593,comp01
read_start,/mnt/lustre/shared/bigbrain/nii/1000_blocks/bigbrain_2310_4832_695.nii,1605028721,2836597,comp01
read_end,/mnt/lustre/shared/bigbrain/nii/1000_blocks/bigbrain_2310_4832_695.nii,1605028727,2836597,comp01
read_start,/mnt/lustre/shared/bigbrain/nii/1000_blocks/bigbrain_2310_4832_6255.nii,1605028720,2836596,comp01
read_end,/mnt/lustre/shared/bigbrain/nii/1000_blocks/bigbrain_2310_4832_6255.nii,1605028731,2836596,comp01
read_start,/mnt/lustre/shared/bigbrain/nii/1000_blocks/bigbrain_2310_5436_0.nii,1605028724,2836598,comp01
read_end,/mnt/lustre/shared/bigbrain/nii/1000_blocks/bigbrain_2310_5436_0.nii,1605028732,2836598,comp01
