Clearing cache
Clearing cache
Clearing cache
Clearing cache
Clearing cache
3
Creating temp source mount directories
flusher pid 198537
flusher pid 197238
flusher pid 905536
flusher pid 987918
flusher pid 1069470
Launching script ./results/exp_threads/run-3/sea_mem_5n_32t_6d_1000f_617m_5i/n1_sea_parallel.sh
2
source_0 /dev/shm/seatmp/
source_1 /dev/shm/seatmp/ /disk0/vhs/seatmp/ /disk1/vhs/seatmp/ /disk2/vhs/seatmp/ /disk3/vhs/seatmp/ /disk4/vhs/seatmp/ /disk5/vhs/seatmp/
base dir /mnt/lustre/vhs/output/
starting flusher
Launching script ./results/exp_threads/run-3/sea_mem_5n_32t_6d_1000f_617m_5i/n2_sea_parallel.sh
2
source_0 /dev/shm/seatmp/
source_1 /dev/shm/seatmp/ /disk0/vhs/seatmp/ /disk1/vhs/seatmp/ /disk2/vhs/seatmp/ /disk3/vhs/seatmp/ /disk4/vhs/seatmp/ /disk5/vhs/seatmp/
Launching script ./results/exp_threads/run-3/sea_mem_5n_32t_6d_1000f_617m_5i/n3_sea_parallel.sh
base dir /mnt/lustre/vhs/output/
2
starting flusher
source_0 /dev/shm/seatmp/
source_1 /dev/shm/seatmp/ /disk0/vhs/seatmp/ /disk1/vhs/seatmp/ /disk2/vhs/seatmp/ /disk3/vhs/seatmp/ /disk4/vhs/seatmp/ /disk5/vhs/seatmp/
base dir /mnt/lustre/vhs/output/
starting flusher
Launching script ./results/exp_threads/run-3/sea_mem_5n_32t_6d_1000f_617m_5i/n0_sea_parallel.sh
2
source_0 /dev/shm/seatmp/
source_1 /dev/shm/seatmp/ /disk0/vhs/seatmp/ /disk1/vhs/seatmp/ /disk2/vhs/seatmp/ /disk3/vhs/seatmp/ /disk4/vhs/seatmp/ /disk5/vhs/seatmp/
base dir /mnt/lustre/vhs/output/
starting flusher
Launching script ./results/exp_threads/run-3/sea_mem_5n_32t_6d_1000f_617m_5i/n4_sea_parallel.sh
2
source_0 /dev/shm/seatmp/
source_1 /dev/shm/seatmp/ /disk0/vhs/seatmp/ /disk1/vhs/seatmp/ /disk2/vhs/seatmp/ /disk3/vhs/seatmp/ /disk4/vhs/seatmp/ /disk5/vhs/seatmp/
base dir /mnt/lustre/vhs/output/
starting flusher
/usr/bin/bash: increment: command not found
/usr/bin/bash: increment: command not found
/usr/bin/bash: increment: command not found
/usr/bin/bash: increment: command not found
/usr/bin/bash: increment: command not found
/usr/bin/bash: increment: command not found
/usr/bin/bash: increment: command not found
/usr/bin/bash: increment: command not found
/usr/bin/bash: increment: command not found
/usr/bin/bash: increment: command not found
/usr/bin/bash: increment: command not found
/usr/bin/bash: increment: command not found
/usr/bin/bash: increment: command not found
/usr/bin/bash: increment: command not found
/usr/bin/bash: increment: command not found
/usr/bin/bash: increment: command not found
/usr/bin/bash: increment: command not found
/usr/bin/bash: increment: command not found
/usr/bin/bash: increment: command not found
/usr/bin/bash: increment: command not found
/usr/bin/bash: increment: command not found
/usr/bin/bash: increment: command not found
/usr/bin/bash: increment: command not found
/usr/bin/bash: increment: command not found
/usr/bin/bash: increment: command not found
/usr/bin/bash: increment: command not found
/usr/bin/bash: increment: command not found
/usr/bin/bash: increment: command not found
/usr/bin/bash: increment: command not found
/usr/bin/bash: increment: command not found
/usr/bin/bash: increment: command not found
/usr/bin/bash: increment: command not found
/usr/bin/bash: increment: command not found
/usr/bin/bash: increment: command not found
/usr/bin/bash: increment: command not found
/usr/bin/bash: increment: command not found
/usr/bin/bash: increment: command not found
/usr/bin/bash: increment: command not found
/usr/bin/bash: increment: command not found
/usr/bin/bash: increment: command not found
/usr/bin/bash: increment: command not found
/usr/bin/bash: increment: command not found
/usr/bin/bash: increment: command not found
/usr/bin/bash: increment: command not found
/usr/bin/bash: increment: command not found
/usr/bin/bash: increment: command not found
/usr/bin/bash: increment: command not found
/usr/bin/bash: increment: command not found
/usr/bin/bash: increment: command not found
/usr/bin/bash: increment: command not found
/usr/bin/bash: increment: command not found
/usr/bin/bash: increment: command not found
/usr/bin/bash: increment: command not found
/usr/bin/bash: increment: command not found
/usr/bin/bash: increment: command not found
/usr/bin/bash: increment: command not found
/usr/bin/bash: increment: command not found
/usr/bin/bash: increment: command not found
/usr/bin/bash: increment: command not found
/usr/bin/bash: increment: command not found
/usr/bin/bash: increment: command not found
/usr/bin/bash: increment: command not found
/usr/bin/bash: increment: command not found
/usr/bin/bash: increment: command not found
/usr/bin/bash: increment: command not found
/usr/bin/bash: increment: command not found
/usr/bin/bash: increment: command not found
/usr/bin/bash: increment: command not found
/usr/bin/bash: increment: command not found
/usr/bin/bash: increment: command not found
/usr/bin/bash: increment: command not found
/usr/bin/bash: increment: command not found
/usr/bin/bash: increment: command not found
/usr/bin/bash: increment: command not found
/usr/bin/bash: increment: command not found
/usr/bin/bash: increment: command not found
/usr/bin/bash: increment: command not found
/usr/bin/bash: increment: command not found
/usr/bin/bash: increment: command not found
/usr/bin/bash: increment: command not found
/usr/bin/bash: increment: command not found
/usr/bin/bash: increment: command not found
/usr/bin/bash: increment: command not found
/usr/bin/bash: increment: command not found
/usr/bin/bash: increment: command not found
/usr/bin/bash: increment: command not found
/usr/bin/bash: increment: command not found
/usr/bin/bash: increment: command not found
/usr/bin/bash: increment: command not found
/usr/bin/bash: increment: command not found
/usr/bin/bash: increment: command not found
/usr/bin/bash: increment: command not found
/usr/bin/bash: increment: command not found
/usr/bin/bash: increment: command not found
/usr/bin/bash: increment: command not found
/usr/bin/bash: increment: command not found
/usr/bin/bash: increment: command not found
/usr/bin/bash: increment: command not found
/usr/bin/bash: increment: command not found
/usr/bin/bash: increment: command not found
/usr/bin/bash: increment: command not found
/usr/bin/bash: increment: command not found
/usr/bin/bash: increment: command not found
/usr/bin/bash: increment: command not found
/usr/bin/bash: increment: command not found
/usr/bin/bash: increment: command not found
/usr/bin/bash: increment: command not found
/usr/bin/bash: increment: command not found
/usr/bin/bash: increment: command not found
/usr/bin/bash: increment: command not found
/usr/bin/bash: increment: command not found
/usr/bin/bash: increment: command not found
/usr/bin/bash: increment: command not found
/usr/bin/bash: increment: command not found
/usr/bin/bash: increment: command not found
/usr/bin/bash: increment: command not found
/usr/bin/bash: increment: command not found
/usr/bin/bash: increment: command not found
/usr/bin/bash: increment: command not found
/usr/bin/bash: increment: command not found
/usr/bin/bash: increment: command not found
/usr/bin/bash: increment: command not found
/usr/bin/bash: increment: command not found
/usr/bin/bash: increment: command not found
/usr/bin/bash: increment: command not found
/usr/bin/bash: increment: command not found
/usr/bin/bash: increment: command not found
/usr/bin/bash: increment: command not found
/usr/bin/bash: increment: command not found
/usr/bin/bash: increment: command not found
/usr/bin/bash: increment: command not found
/usr/bin/bash: increment: command not found
/usr/bin/bash: increment: command not found
/usr/bin/bash: increment: command not found
/usr/bin/bash: increment: command not found
/usr/bin/bash: increment: command not found
/usr/bin/bash: increment: command not found
/usr/bin/bash: increment: command not found
/usr/bin/bash: increment: command not found
/usr/bin/bash: increment: command not found
/usr/bin/bash: increment: command not found
/usr/bin/bash: increment: command not found
/usr/bin/bash: increment: command not found
/usr/bin/bash: increment: command not found
/usr/bin/bash: increment: command not found
/usr/bin/bash: increment: command not found
/usr/bin/bash: increment: command not found
/usr/bin/bash: increment: command not found
/usr/bin/bash: increment: command not found
/usr/bin/bash: increment: command not found
/usr/bin/bash: increment: command not found
/usr/bin/bash: increment: command not found
/usr/bin/bash: increment: command not found
/usr/bin/bash: increment: command not found
/usr/bin/bash: increment: command not found
/usr/bin/bash: increment: command not found
/usr/bin/bash: increment: command not found
/usr/bin/bash: increment: command not found
/usr/bin/bash: increment: command not found
/usr/bin/bash: increment: command not found
/usr/bin/bash: increment: command not found
/usr/bin/bash: increment: command not found
/usr/bin/bash: increment: command not found
/usr/bin/bash: increment: command not found
/usr/bin/bash: increment: command not found
/usr/bin/bash: increment: command not found
/usr/bin/bash: increment: command not found
/usr/bin/bash: increment: command not found
/usr/bin/bash: increment: command not found
/usr/bin/bash: increment: command not found
/usr/bin/bash: increment: command not found
/usr/bin/bash: increment: command not found
/usr/bin/bash: increment: command not found
/usr/bin/bash: increment: command not found
/usr/bin/bash: increment: command not found
/usr/bin/bash: increment: command not found
/usr/bin/bash: increment: command not found
/usr/bin/bash: increment: command not found
/usr/bin/bash: increment: command not found
/usr/bin/bash: increment: command not found
/usr/bin/bash: increment: command not found
/usr/bin/bash: increment: command not found
/usr/bin/bash: increment: command not found
/usr/bin/bash: increment: command not found
/usr/bin/bash: increment: command not found
/usr/bin/bash: increment: command not found
/usr/bin/bash: increment: command not found
/usr/bin/bash: increment: command not found
/usr/bin/bash: increment: command not found
/usr/bin/bash: increment: command not found
/usr/bin/bash: increment: command not found
/usr/bin/bash: increment: command not found
/usr/bin/bash: increment: command not found
/usr/bin/bash: increment: command not found
/usr/bin/bash: increment: command not found
/usr/bin/bash: increment: command not found
/usr/bin/bash: increment: command not found
/usr/bin/bash: increment: command not found
/usr/bin/bash: increment: command not found
/usr/bin/bash: increment: command not found
/usr/bin/bash: increment: command not found
/usr/bin/bash: increment: command not found
/usr/bin/bash: increment: command not found
/usr/bin/bash: increment: command not found
/usr/bin/bash: increment: command not found
/usr/bin/bash: increment: command not found
/usr/bin/bash: increment: command not found
/usr/bin/bash: increment: command not found
/usr/bin/bash: increment: command not found
/usr/bin/bash: increment: command not found
/usr/bin/bash: increment: command not found
/usr/bin/bash: increment: command not found
/usr/bin/bash: increment: command not found
/usr/bin/bash: increment: command not found
/usr/bin/bash: increment: command not found
/usr/bin/bash: increment: command not found
/usr/bin/bash: increment: command not found
/usr/bin/bash: increment: command not found
/usr/bin/bash: increment: command not found
/usr/bin/bash: increment: command not found
/usr/bin/bash: increment: command not found
/usr/bin/bash: increment: command not found
/usr/bin/bash: increment: command not found
/usr/bin/bash: increment: command not found
/usr/bin/bash: increment: command not found
/usr/bin/bash: increment: command not found
/usr/bin/bash: increment: command not found
/usr/bin/bash: increment: command not found
/usr/bin/bash: increment: command not found
/usr/bin/bash: increment: command not found
/usr/bin/bash: increment: command not found
/usr/bin/bash: increment: command not found
/usr/bin/bash: increment: command not found
/usr/bin/bash: increment: command not found
/usr/bin/bash: increment: command not found
/usr/bin/bash: increment: command not found
/usr/bin/bash: increment: command not found
/usr/bin/bash: increment: command not found
/usr/bin/bash: increment: command not found
/usr/bin/bash: increment: command not found
/usr/bin/bash: increment: command not found
/usr/bin/bash: increment: command not found
/usr/bin/bash: increment: command not found
/usr/bin/bash: increment: command not found
/usr/bin/bash: increment: command not found
/usr/bin/bash: increment: command not found
/usr/bin/bash: increment: command not found
/usr/bin/bash: increment: command not found
/usr/bin/bash: increment: command not found
/usr/bin/bash: increment: command not found
/usr/bin/bash: increment: command not found
/usr/bin/bash: increment: command not found
/usr/bin/bash: increment: command not found
/usr/bin/bash: increment: command not found
/usr/bin/bash: increment: command not found
/usr/bin/bash: increment: command not found
/usr/bin/bash: increment: command not found
/usr/bin/bash: increment: command not found
/usr/bin/bash: increment: command not found
/usr/bin/bash: increment: command not found
/usr/bin/bash: increment: command not found
/usr/bin/bash: increment: command not found
/usr/bin/bash: increment: command not found
/usr/bin/bash: increment: command not found
/usr/bin/bash: increment: command not found
/usr/bin/bash: increment: command not found
/usr/bin/bash: increment: command not found
/usr/bin/bash: increment: command not found
/usr/bin/bash: increment: command not found
/usr/bin/bash: increment: command not found
/usr/bin/bash: increment: command not found
/usr/bin/bash: increment: command not found
/usr/bin/bash: increment: command not found
/usr/bin/bash: increment: command not found
/usr/bin/bash: increment: command not found
/usr/bin/bash: increment: command not found
/usr/bin/bash: increment: command not found
/usr/bin/bash: increment: command not found
/usr/bin/bash: increment: command not found
/usr/bin/bash: increment: command not found
/usr/bin/bash: increment: command not found
/usr/bin/bash: increment: command not found
/usr/bin/bash: increment: command not found
/usr/bin/bash: increment: command not found
/usr/bin/bash: increment: command not found
/usr/bin/bash: increment: command not found
/usr/bin/bash: increment: command not found
/usr/bin/bash: increment: command not found
/usr/bin/bash: increment: command not found
/usr/bin/bash: increment: command not found
/usr/bin/bash: increment: command not found
/usr/bin/bash: increment: command not found
/usr/bin/bash: increment: command not found
/usr/bin/bash: increment: command not found
/usr/bin/bash: increment: command not found
/usr/bin/bash: increment: command not found
/usr/bin/bash: increment: command not found
/usr/bin/bash: increment: command not found
/usr/bin/bash: increment: command not found
/usr/bin/bash: increment: command not found
/usr/bin/bash: increment: command not found
/usr/bin/bash: increment: command not found
/usr/bin/bash: increment: command not found
/usr/bin/bash: increment: command not found
/usr/bin/bash: increment: command not found
/usr/bin/bash: increment: command not found
/usr/bin/bash: increment: command not found
/usr/bin/bash: increment: command not found
/usr/bin/bash: increment: command not found
/usr/bin/bash: increment: command not found
/usr/bin/bash: increment: command not found
/usr/bin/bash: increment: command not found
/usr/bin/bash: increment: command not found
/usr/bin/bash: increment: command not found
/usr/bin/bash: increment: command not found
/usr/bin/bash: increment: command not found
/usr/bin/bash: increment: command not found
/usr/bin/bash: increment: command not found
/usr/bin/bash: increment: command not found
/usr/bin/bash: increment: command not found
/usr/bin/bash: increment: command not found
/usr/bin/bash: increment: command not found
/usr/bin/bash: increment: command not found
/usr/bin/bash: increment: command not found
/usr/bin/bash: increment: command not found
/usr/bin/bash: increment: command not found
/usr/bin/bash: increment: command not found
/usr/bin/bash: increment: command not found
/usr/bin/bash: increment: command not found
/usr/bin/bash: increment: command not found
/usr/bin/bash: increment: command not found
/usr/bin/bash: increment: command not found
/usr/bin/bash: increment: command not found
/usr/bin/bash: increment: command not found
/usr/bin/bash: increment: command not found
/usr/bin/bash: increment: command not found
/usr/bin/bash: increment: command not found
/usr/bin/bash: increment: command not found
/usr/bin/bash: increment: command not found
/usr/bin/bash: increment: command not found
/usr/bin/bash: increment: command not found
/usr/bin/bash: increment: command not found
/usr/bin/bash: increment: command not found
/usr/bin/bash: increment: command not found
/usr/bin/bash: increment: command not found
/usr/bin/bash: increment: command not found
/usr/bin/bash: increment: command not found
/usr/bin/bash: increment: command not found
/usr/bin/bash: increment: command not found
/usr/bin/bash: increment: command not found
/usr/bin/bash: increment: command not found
/usr/bin/bash: increment: command not found
/usr/bin/bash: increment: command not found
/usr/bin/bash: increment: command not found
/usr/bin/bash: increment: command not found
/usr/bin/bash: increment: command not found
/usr/bin/bash: increment: command not found
/usr/bin/bash: increment: command not found
/usr/bin/bash: increment: command not found
/usr/bin/bash: increment: command not found
/usr/bin/bash: increment: command not found
/usr/bin/bash: increment: command not found
/usr/bin/bash: increment: command not found
/usr/bin/bash: increment: command not found
/usr/bin/bash: increment: command not found
/usr/bin/bash: increment: command not found
/usr/bin/bash: increment: command not found
/usr/bin/bash: increment: command not found
/usr/bin/bash: increment: command not found
/usr/bin/bash: increment: command not found
/usr/bin/bash: increment: command not found
/usr/bin/bash: increment: command not found
/usr/bin/bash: increment: command not found
/usr/bin/bash: increment: command not found
/usr/bin/bash: increment: command not found
/usr/bin/bash: increment: command not found
/usr/bin/bash: increment: command not found
/usr/bin/bash: increment: command not found
/usr/bin/bash: increment: command not found
/usr/bin/bash: increment: command not found
/usr/bin/bash: increment: command not found
/usr/bin/bash: increment: command not found
/usr/bin/bash: increment: command not found
/usr/bin/bash: increment: command not found
/usr/bin/bash: increment: command not found
/usr/bin/bash: increment: command not found
/usr/bin/bash: increment: command not found
/usr/bin/bash: increment: command not found
/usr/bin/bash: increment: command not found
/usr/bin/bash: increment: command not found
/usr/bin/bash: increment: command not found
/usr/bin/bash: increment: command not found
/usr/bin/bash: increment: command not found
/usr/bin/bash: increment: command not found
/usr/bin/bash: increment: command not found
/usr/bin/bash: increment: command not found
/usr/bin/bash: increment: command not found
/usr/bin/bash: increment: command not found
/usr/bin/bash: increment: command not found
/usr/bin/bash: increment: command not found
/usr/bin/bash: increment: command not found
/usr/bin/bash: increment: command not found
/usr/bin/bash: increment: command not found
/usr/bin/bash: increment: command not found
/usr/bin/bash: increment: command not found
/usr/bin/bash: increment: command not found
/usr/bin/bash: increment: command not found
/usr/bin/bash: increment: command not found
/usr/bin/bash: increment: command not found
/usr/bin/bash: increment: command not found
/usr/bin/bash: increment: command not found
/usr/bin/bash: increment: command not found
/usr/bin/bash: increment: command not found
/usr/bin/bash: increment: command not found
/usr/bin/bash: increment: command not found
/usr/bin/bash: increment: command not found
/usr/bin/bash: increment: command not found
/usr/bin/bash: increment: command not found
/usr/bin/bash: increment: command not found
/usr/bin/bash: increment: command not found
/usr/bin/bash: increment: command not found
/usr/bin/bash: increment: command not found
/usr/bin/bash: increment: command not found
/usr/bin/bash: increment: command not found
/usr/bin/bash: increment: command not found
/usr/bin/bash: increment: command not found
/usr/bin/bash: increment: command not found
/usr/bin/bash: increment: command not found
/usr/bin/bash: increment: command not found
/usr/bin/bash: increment: command not found
/usr/bin/bash: increment: command not found
/usr/bin/bash: increment: command not found
/usr/bin/bash: increment: command not found
/usr/bin/bash: increment: command not found
/usr/bin/bash: increment: command not found
/usr/bin/bash: increment: command not found
/usr/bin/bash: increment: command not found
/usr/bin/bash: increment: command not found
/usr/bin/bash: increment: command not found
/usr/bin/bash: increment: command not found
/usr/bin/bash: increment: command not found
/usr/bin/bash: increment: command not found
/usr/bin/bash: increment: command not found
/usr/bin/bash: increment: command not found
/usr/bin/bash: increment: command not found
/usr/bin/bash: increment: command not found
/usr/bin/bash: increment: command not found
/usr/bin/bash: increment: command not found
/usr/bin/bash: increment: command not found
/usr/bin/bash: increment: command not found
/usr/bin/bash: increment: command not found
/usr/bin/bash: increment: command not found
/usr/bin/bash: increment: command not found
/usr/bin/bash: increment: command not found
/usr/bin/bash: increment: command not found
/usr/bin/bash: increment: command not found
/usr/bin/bash: increment: command not found
/usr/bin/bash: increment: command not found
/usr/bin/bash: increment: command not found
/usr/bin/bash: increment: command not found
/usr/bin/bash: increment: command not found
/usr/bin/bash: increment: command not found
/usr/bin/bash: increment: command not found
/usr/bin/bash: increment: command not found
/usr/bin/bash: increment: command not found
/usr/bin/bash: increment: command not found
/usr/bin/bash: increment: command not found
/usr/bin/bash: increment: command not found
/usr/bin/bash: increment: command not found
/usr/bin/bash: increment: command not found
/usr/bin/bash: increment: command not found
/usr/bin/bash: increment: command not found
/usr/bin/bash: increment: command not found
/usr/bin/bash: increment: command not found
/usr/bin/bash: increment: command not found
/usr/bin/bash: increment: command not found
/usr/bin/bash: increment: command not found
/usr/bin/bash: increment: command not found
/usr/bin/bash: increment: command not found
/usr/bin/bash: increment: command not found
/usr/bin/bash: increment: command not found
/usr/bin/bash: increment: command not found
/usr/bin/bash: increment: command not found
/usr/bin/bash: increment: command not found
/usr/bin/bash: increment: command not found
/usr/bin/bash: increment: command not found
/usr/bin/bash: increment: command not found
/usr/bin/bash: increment: command not found
/usr/bin/bash: increment: command not found
/usr/bin/bash: increment: command not found
/usr/bin/bash: increment: command not found
/usr/bin/bash: increment: command not found
/usr/bin/bash: increment: command not found
/usr/bin/bash: increment: command not found
/usr/bin/bash: increment: command not found
/usr/bin/bash: increment: command not found
/usr/bin/bash: increment: command not found
/usr/bin/bash: increment: command not found
/usr/bin/bash: increment: command not found
/usr/bin/bash: increment: command not found
/usr/bin/bash: increment: command not found
/usr/bin/bash: increment: command not found
/usr/bin/bash: increment: command not found
/usr/bin/bash: increment: command not found
/usr/bin/bash: increment: command not found
/usr/bin/bash: increment: command not found
/usr/bin/bash: increment: command not found
/usr/bin/bash: increment: command not found
/usr/bin/bash: increment: command not found
/usr/bin/bash: increment: command not found
/usr/bin/bash: increment: command not found
/usr/bin/bash: increment: command not found
/usr/bin/bash: increment: command not found
/usr/bin/bash: increment: command not found
/usr/bin/bash: increment: command not found
/usr/bin/bash: increment: command not found
/usr/bin/bash: increment: command not found
/usr/bin/bash: increment: command not found
/usr/bin/bash: increment: command not found
/usr/bin/bash: increment: command not found
/usr/bin/bash: increment: command not found
/usr/bin/bash: increment: command not found
/usr/bin/bash: increment: command not found
/usr/bin/bash: increment: command not found
/usr/bin/bash: increment: command not found
/usr/bin/bash: increment: command not found
/usr/bin/bash: increment: command not found
/usr/bin/bash: increment: command not found
/usr/bin/bash: increment: command not found
/usr/bin/bash: increment: command not found
/usr/bin/bash: increment: command not found
/usr/bin/bash: increment: command not found
/usr/bin/bash: increment: command not found
/usr/bin/bash: increment: command not found
/usr/bin/bash: increment: command not found
/usr/bin/bash: increment: command not found
/usr/bin/bash: increment: command not found
/usr/bin/bash: increment: command not found
/usr/bin/bash: increment: command not found
/usr/bin/bash: increment: command not found
/usr/bin/bash: increment: command not found
/usr/bin/bash: increment: command not found
/usr/bin/bash: increment: command not found
/usr/bin/bash: increment: command not found
/usr/bin/bash: increment: command not found
/usr/bin/bash: increment: command not found
/usr/bin/bash: increment: command not found
/usr/bin/bash: increment: command not found
/usr/bin/bash: increment: command not found
/usr/bin/bash: increment: command not found
/usr/bin/bash: increment: command not found
/usr/bin/bash: increment: command not found
/usr/bin/bash: increment: command not found
/usr/bin/bash: increment: command not found
/usr/bin/bash: increment: command not found
/usr/bin/bash: increment: command not found
/usr/bin/bash: increment: command not found
/usr/bin/bash: increment: command not found
/usr/bin/bash: increment: command not found
/usr/bin/bash: increment: command not found
/usr/bin/bash: increment: command not found
/usr/bin/bash: increment: command not found
/usr/bin/bash: increment: command not found
/usr/bin/bash: increment: command not found
/usr/bin/bash: increment: command not found
/usr/bin/bash: increment: command not found
/usr/bin/bash: increment: command not found
/usr/bin/bash: increment: command not found
/usr/bin/bash: increment: command not found
/usr/bin/bash: increment: command not found
/usr/bin/bash: increment: command not found
/usr/bin/bash: increment: command not found
/usr/bin/bash: increment: command not found
/usr/bin/bash: increment: command not found
/usr/bin/bash: increment: command not found
/usr/bin/bash: increment: command not found
/usr/bin/bash: increment: command not found
/usr/bin/bash: increment: command not found
/usr/bin/bash: increment: command not found
/usr/bin/bash: increment: command not found
/usr/bin/bash: increment: command not found
/usr/bin/bash: increment: command not found
/usr/bin/bash: increment: command not found
/usr/bin/bash: increment: command not found
/usr/bin/bash: increment: command not found
/usr/bin/bash: increment: command not found
/usr/bin/bash: increment: command not found
/usr/bin/bash: increment: command not found
/usr/bin/bash: increment: command not found
/usr/bin/bash: increment: command not found
/usr/bin/bash: increment: command not found
/usr/bin/bash: increment: command not found
/usr/bin/bash: increment: command not found
/usr/bin/bash: increment: command not found
/usr/bin/bash: increment: command not found
/usr/bin/bash: increment: command not found
/usr/bin/bash: increment: command not found
/usr/bin/bash: increment: command not found
/usr/bin/bash: increment: command not found
/usr/bin/bash: increment: command not found
/usr/bin/bash: increment: command not found
/usr/bin/bash: increment: command not found
/usr/bin/bash: increment: command not found
/usr/bin/bash: increment: command not found
/usr/bin/bash: increment: command not found
/usr/bin/bash: increment: command not found
/usr/bin/bash: increment: command not found
/usr/bin/bash: increment: command not found
/usr/bin/bash: increment: command not found
/usr/bin/bash: increment: command not found
/usr/bin/bash: increment: command not found
/usr/bin/bash: increment: command not found
/usr/bin/bash: increment: command not found
/usr/bin/bash: increment: command not found
/usr/bin/bash: increment: command not found
/usr/bin/bash: increment: command not found
/usr/bin/bash: increment: command not found
/usr/bin/bash: increment: command not found
/usr/bin/bash: increment: command not found
/usr/bin/bash: increment: command not found
/usr/bin/bash: increment: command not found
/usr/bin/bash: increment: command not found
/usr/bin/bash: increment: command not found
/usr/bin/bash: increment: command not found
/usr/bin/bash: increment: command not found
/usr/bin/bash: increment: command not found
/usr/bin/bash: increment: command not found
/usr/bin/bash: increment: command not found
/usr/bin/bash: increment: command not found
/usr/bin/bash: increment: command not found
/usr/bin/bash: increment: command not found
/usr/bin/bash: increment: command not found
/usr/bin/bash: increment: command not found
/usr/bin/bash: increment: command not found
/usr/bin/bash: increment: command not found
/usr/bin/bash: increment: command not found
/usr/bin/bash: increment: command not found
/usr/bin/bash: increment: command not found
/usr/bin/bash: increment: command not found
/usr/bin/bash: increment: command not found
/usr/bin/bash: increment: command not found
/usr/bin/bash: increment: command not found
/usr/bin/bash: increment: command not found
/usr/bin/bash: increment: command not found
/usr/bin/bash: increment: command not found
/usr/bin/bash: increment: command not found
/usr/bin/bash: increment: command not found
/usr/bin/bash: increment: command not found
/usr/bin/bash: increment: command not found
/usr/bin/bash: increment: command not found
/usr/bin/bash: increment: command not found
/usr/bin/bash: increment: command not found
/usr/bin/bash: increment: command not found
/usr/bin/bash: increment: command not found
/usr/bin/bash: increment: command not found
/usr/bin/bash: increment: command not found
/usr/bin/bash: increment: command not found
/usr/bin/bash: increment: command not found
/usr/bin/bash: increment: command not found
/usr/bin/bash: increment: command not found
/usr/bin/bash: increment: command not found
/usr/bin/bash: increment: command not found
/usr/bin/bash: increment: command not found
/usr/bin/bash: increment: command not found
/usr/bin/bash: increment: command not found
/usr/bin/bash: increment: command not found
/usr/bin/bash: increment: command not found
/usr/bin/bash: increment: command not found
/usr/bin/bash: increment: command not found
/usr/bin/bash: increment: command not found
/usr/bin/bash: increment: command not found
/usr/bin/bash: increment: command not found
/usr/bin/bash: increment: command not found
/usr/bin/bash: increment: command not found
/usr/bin/bash: increment: command not found
/usr/bin/bash: increment: command not found
/usr/bin/bash: increment: command not found
/usr/bin/bash: increment: command not found
/usr/bin/bash: increment: command not found
/usr/bin/bash: increment: command not found
/usr/bin/bash: increment: command not found
/usr/bin/bash: increment: command not found
/usr/bin/bash: increment: command not found
/usr/bin/bash: increment: command not found
/usr/bin/bash: increment: command not found
/usr/bin/bash: increment: command not found
/usr/bin/bash: increment: command not found
/usr/bin/bash: increment: command not found
/usr/bin/bash: increment: command not found
/usr/bin/bash: increment: command not found
/usr/bin/bash: increment: command not found
/usr/bin/bash: increment: command not found
/usr/bin/bash: increment: command not found
/usr/bin/bash: increment: command not found
/usr/bin/bash: increment: command not found
/usr/bin/bash: increment: command not found
/usr/bin/bash: increment: command not found
/usr/bin/bash: increment: command not found
/usr/bin/bash: increment: command not found
/usr/bin/bash: increment: command not found
/usr/bin/bash: increment: command not found
/usr/bin/bash: increment: command not found
/usr/bin/bash: increment: command not found
/usr/bin/bash: increment: command not found
/usr/bin/bash: increment: command not found
/usr/bin/bash: increment: command not found
/usr/bin/bash: increment: command not found
/usr/bin/bash: increment: command not found
/usr/bin/bash: increment: command not found
/usr/bin/bash: increment: command not found
/usr/bin/bash: increment: command not found
/usr/bin/bash: increment: command not found
/usr/bin/bash: increment: command not found
/usr/bin/bash: increment: command not found
/usr/bin/bash: increment: command not found
/usr/bin/bash: increment: command not found
/usr/bin/bash: increment: command not found
/usr/bin/bash: increment: command not found
/usr/bin/bash: increment: command not found
/usr/bin/bash: increment: command not found
/usr/bin/bash: increment: command not found
/usr/bin/bash: increment: command not found
/usr/bin/bash: increment: command not found
/usr/bin/bash: increment: command not found
/usr/bin/bash: increment: command not found
/usr/bin/bash: increment: command not found
/usr/bin/bash: increment: command not found
/usr/bin/bash: increment: command not found
/usr/bin/bash: increment: command not found
/usr/bin/bash: increment: command not found
/usr/bin/bash: increment: command not found
/usr/bin/bash: increment: command not found
/usr/bin/bash: increment: command not found
/usr/bin/bash: increment: command not found
/usr/bin/bash: increment: command not found
/usr/bin/bash: increment: command not found
/usr/bin/bash: increment: command not found
/usr/bin/bash: increment: command not found
/usr/bin/bash: increment: command not found
/usr/bin/bash: increment: command not found
/usr/bin/bash: increment: command not found
/usr/bin/bash: increment: command not found
/usr/bin/bash: increment: command not found
/usr/bin/bash: increment: command not found
/usr/bin/bash: increment: command not found
/usr/bin/bash: increment: command not found
/usr/bin/bash: increment: command not found
/usr/bin/bash: increment: command not found
/usr/bin/bash: increment: command not found
/usr/bin/bash: increment: command not found
/usr/bin/bash: increment: command not found
/usr/bin/bash: increment: command not found
/usr/bin/bash: increment: command not found
/usr/bin/bash: increment: command not found
/usr/bin/bash: increment: command not found
/usr/bin/bash: increment: command not found
/usr/bin/bash: increment: command not found
/usr/bin/bash: increment: command not found
/usr/bin/bash: increment: command not found
/usr/bin/bash: increment: command not found
/usr/bin/bash: increment: command not found
/usr/bin/bash: increment: command not found
/usr/bin/bash: increment: command not found
/usr/bin/bash: increment: command not found
/usr/bin/bash: increment: command not found
/usr/bin/bash: increment: command not found
/usr/bin/bash: increment: command not found
/usr/bin/bash: increment: command not found
/usr/bin/bash: increment: command not found
/usr/bin/bash: increment: command not found
/usr/bin/bash: increment: command not found
/usr/bin/bash: increment: command not found
/usr/bin/bash: increment: command not found
/usr/bin/bash: increment: command not found
/usr/bin/bash: increment: command not found
/usr/bin/bash: increment: command not found
/usr/bin/bash: increment: command not found
/usr/bin/bash: increment: command not found
/usr/bin/bash: increment: command not found
/usr/bin/bash: increment: command not found
/usr/bin/bash: increment: command not found
/usr/bin/bash: increment: command not found
/usr/bin/bash: increment: command not found
/usr/bin/bash: increment: command not found
/usr/bin/bash: increment: command not found
/usr/bin/bash: increment: command not found
/usr/bin/bash: increment: command not found
/usr/bin/bash: increment: command not found
/usr/bin/bash: increment: command not found
/usr/bin/bash: increment: command not found
/usr/bin/bash: increment: command not found
/usr/bin/bash: increment: command not found
/usr/bin/bash: increment: command not found
/usr/bin/bash: increment: command not found
/usr/bin/bash: increment: command not found
/usr/bin/bash: increment: command not found
/usr/bin/bash: increment: command not found
/usr/bin/bash: increment: command not found
/usr/bin/bash: increment: command not found
/usr/bin/bash: increment: command not found
/usr/bin/bash: increment: command not found
/usr/bin/bash: increment: command not found
/usr/bin/bash: increment: command not found
/usr/bin/bash: increment: command not found
/usr/bin/bash: increment: command not found
/usr/bin/bash: increment: command not found
/usr/bin/bash: increment: command not found
/usr/bin/bash: increment: command not found
/usr/bin/bash: increment: command not found
/usr/bin/bash: increment: command not found
/usr/bin/bash: increment: command not found
/usr/bin/bash: increment: command not found
/usr/bin/bash: increment: command not found
/usr/bin/bash: increment: command not found
/usr/bin/bash: increment: command not found
/usr/bin/bash: increment: command not found
/usr/bin/bash: increment: command not found
/usr/bin/bash: increment: command not found
/usr/bin/bash: increment: command not found
/usr/bin/bash: increment: command not found
/usr/bin/bash: increment: command not found
/usr/bin/bash: increment: command not found
/usr/bin/bash: increment: command not found
/usr/bin/bash: increment: command not found
/usr/bin/bash: increment: command not found
/usr/bin/bash: increment: command not found
/usr/bin/bash: increment: command not found
/usr/bin/bash: increment: command not found
/usr/bin/bash: increment: command not found
/usr/bin/bash: increment: command not found
/usr/bin/bash: increment: command not found
/usr/bin/bash: increment: command not found
/usr/bin/bash: increment: command not found
/usr/bin/bash: increment: command not found
/usr/bin/bash: increment: command not found
/usr/bin/bash: increment: command not found
/usr/bin/bash: increment: command not found
/usr/bin/bash: increment: command not found
/usr/bin/bash: increment: command not found
/usr/bin/bash: increment: command not found
/usr/bin/bash: increment: command not found
/usr/bin/bash: increment: command not found
/usr/bin/bash: increment: command not found
/usr/bin/bash: increment: command not found
/usr/bin/bash: increment: command not found
/usr/bin/bash: increment: command not found
/usr/bin/bash: increment: command not found
/usr/bin/bash: increment: command not found
/usr/bin/bash: increment: command not found
/usr/bin/bash: increment: command not found
/usr/bin/bash: increment: command not found
/usr/bin/bash: increment: command not found
/usr/bin/bash: increment: command not found
/usr/bin/bash: increment: command not found
/usr/bin/bash: increment: command not found
/usr/bin/bash: increment: command not found
/usr/bin/bash: increment: command not found
/usr/bin/bash: increment: command not found
/usr/bin/bash: increment: command not found
/usr/bin/bash: increment: command not found
/usr/bin/bash: increment: command not found
/usr/bin/bash: increment: command not found
/usr/bin/bash: increment: command not found
/usr/bin/bash: increment: command not found
/usr/bin/bash: increment: command not found
/usr/bin/bash: increment: command not found
/usr/bin/bash: increment: command not found
/usr/bin/bash: increment: command not found
/usr/bin/bash: increment: command not found
/usr/bin/bash: increment: command not found
flush process terminated
starting cleanup
/usr/bin/bash: increment: command not found
/usr/bin/bash: increment: command not found
/usr/bin/bash: increment: command not found
/usr/bin/bash: increment: command not found
/usr/bin/bash: increment: command not found
/usr/bin/bash: increment: command not found
/usr/bin/bash: increment: command not found
/usr/bin/bash: increment: command not found
/usr/bin/bash: increment: command not found
/usr/bin/bash: increment: command not found
/usr/bin/bash: increment: command not found
/usr/bin/bash: increment: command not found
/usr/bin/bash: increment: command not found
/usr/bin/bash: increment: command not found
/usr/bin/bash: increment: command not found
/usr/bin/bash: increment: command not found
/usr/bin/bash: increment: command not found
/usr/bin/bash: increment: command not found
/usr/bin/bash: increment: command not found
/usr/bin/bash: increment: command not found
/usr/bin/bash: increment: command not found
/usr/bin/bash: increment: command not found
/usr/bin/bash: increment: command not found
/usr/bin/bash: increment: command not found
/usr/bin/bash: increment: command not found
/usr/bin/bash: increment: command not found
/usr/bin/bash: increment: command not found
/usr/bin/bash: increment: command not found
/usr/bin/bash: increment: command not found
/usr/bin/bash: increment: command not found
/usr/bin/bash: increment: command not found
/usr/bin/bash: increment: command not found
/usr/bin/bash: increment: command not found
/usr/bin/bash: increment: command not found
/usr/bin/bash: increment: command not found
/usr/bin/bash: increment: command not found
/usr/bin/bash: increment: command not found
/usr/bin/bash: increment: command not found
/usr/bin/bash: increment: command not found
/usr/bin/bash: increment: command not found
flush process terminated
starting cleanup
/usr/bin/bash: increment: command not found
/usr/bin/bash: increment: command not found
/usr/bin/bash: increment: command not found
/usr/bin/bash: increment: command not found
/usr/bin/bash: increment: command not found
/usr/bin/bash: increment: command not found
/usr/bin/bash: increment: command not found
/usr/bin/bash: increment: command not found
/usr/bin/bash: increment: command not found
/usr/bin/bash: increment: command not found
/usr/bin/bash: increment: command not found
flush process terminated
starting cleanup
/usr/bin/bash: increment: command not found
/usr/bin/bash: increment: command not found
/usr/bin/bash: increment: command not found
/usr/bin/bash: increment: command not found
/usr/bin/bash: increment: command not found
/usr/bin/bash: increment: command not found
/usr/bin/bash: increment: command not found
/usr/bin/bash: increment: command not found
/usr/bin/bash: increment: command not found
/usr/bin/bash: increment: command not found
/usr/bin/bash: increment: command not found
/usr/bin/bash: increment: command not found
/usr/bin/bash: increment: command not found
/usr/bin/bash: increment: command not found
/usr/bin/bash: increment: command not found
/usr/bin/bash: increment: command not found
/usr/bin/bash: increment: command not found
/usr/bin/bash: increment: command not found
/usr/bin/bash: increment: command not found
/usr/bin/bash: increment: command not found
/usr/bin/bash: increment: command not found
/usr/bin/bash: increment: command not found
/usr/bin/bash: increment: command not found
/usr/bin/bash: increment: command not found
/usr/bin/bash: increment: command not found
/usr/bin/bash: increment: command not found
/usr/bin/bash: increment: command not found
/usr/bin/bash: increment: command not found
/usr/bin/bash: increment: command not found
/usr/bin/bash: increment: command not found
/usr/bin/bash: increment: command not found
/usr/bin/bash: increment: command not found
/usr/bin/bash: increment: command not found
/usr/bin/bash: increment: command not found
/usr/bin/bash: increment: command not found
/usr/bin/bash: increment: command not found
/usr/bin/bash: increment: command not found
flush process terminated
starting cleanup
/usr/bin/bash: increment: command not found
/usr/bin/bash: increment: command not found
/usr/bin/bash: increment: command not found
/usr/bin/bash: increment: command not found
/usr/bin/bash: increment: command not found
/usr/bin/bash: increment: command not found
/usr/bin/bash: increment: command not found
/usr/bin/bash: increment: command not found
/usr/bin/bash: increment: command not found
/usr/bin/bash: increment: command not found
/usr/bin/bash: increment: command not found
/usr/bin/bash: increment: command not found
/usr/bin/bash: increment: command not found
/usr/bin/bash: increment: command not found
/usr/bin/bash: increment: command not found
/usr/bin/bash: increment: command not found
/usr/bin/bash: increment: command not found
/usr/bin/bash: increment: command not found
/usr/bin/bash: increment: command not found
/usr/bin/bash: increment: command not found
/usr/bin/bash: increment: command not found
/usr/bin/bash: increment: command not found
/usr/bin/bash: increment: command not found
/usr/bin/bash: increment: command not found
/usr/bin/bash: increment: command not found
/usr/bin/bash: increment: command not found
/usr/bin/bash: increment: command not found
/usr/bin/bash: increment: command not found
/usr/bin/bash: increment: command not found
/usr/bin/bash: increment: command not found
/usr/bin/bash: increment: command not found
/usr/bin/bash: increment: command not found
/usr/bin/bash: increment: command not found
/usr/bin/bash: increment: command not found
/usr/bin/bash: increment: command not found
/usr/bin/bash: increment: command not found
/usr/bin/bash: increment: command not found
/usr/bin/bash: increment: command not found
/usr/bin/bash: increment: command not found
/usr/bin/bash: increment: command not found
/usr/bin/bash: increment: command not found
/usr/bin/bash: increment: command not found
srun: error: comp07: task 0: Exited with exit code 101
srun: error: comp03: task 0: Exited with exit code 101
srun: error: comp04: task 0: Exited with exit code 101
srun: error: comp06: task 0: Exited with exit code 101
srun: error: comp02: task 0: Exited with exit code 101
Runtime: 1.769459807
Removing directories
