Clearing cache
Clearing cache
Clearing cache
Clearing cache
Clearing cache
3
Creating temp source mount directories
flusher pid 196364
flusher pid 195050
flusher pid 903355
flusher pid 985726
flusher pid 1066549
Launching script ./results/exp_threads/run-3/sea_mem_5n_16t_6d_1000f_617m_5i/n3_sea_parallel.sh
2
source_0 /dev/shm/seatmp/
source_1 /dev/shm/seatmp/ /disk0/vhs/seatmp/ /disk1/vhs/seatmp/ /disk2/vhs/seatmp/ /disk3/vhs/seatmp/ /disk4/vhs/seatmp/ /disk5/vhs/seatmp/
base dir /mnt/lustre/vhs/output/
Launching script ./results/exp_threads/run-3/sea_mem_5n_16t_6d_1000f_617m_5i/n2_sea_parallel.sh
starting flusher
2
source_0 /dev/shm/seatmp/
source_1 /dev/shm/seatmp/ /disk0/vhs/seatmp/ /disk1/vhs/seatmp/ /disk2/vhs/seatmp/ /disk3/vhs/seatmp/ /disk4/vhs/seatmp/ /disk5/vhs/seatmp/
base dir /mnt/lustre/vhs/output/
starting flusher
Launching script ./results/exp_threads/run-3/sea_mem_5n_16t_6d_1000f_617m_5i/n0_sea_parallel.sh
2
source_0 /dev/shm/seatmp/
Launching script ./results/exp_threads/run-3/sea_mem_5n_16t_6d_1000f_617m_5i/n1_sea_parallel.sh
source_1 /dev/shm/seatmp/ /disk0/vhs/seatmp/ /disk1/vhs/seatmp/ /disk2/vhs/seatmp/ /disk3/vhs/seatmp/ /disk4/vhs/seatmp/ /disk5/vhs/seatmp/
2
base dir /mnt/lustre/vhs/output/
source_0 /dev/shm/seatmp/
starting flusher
source_1 /dev/shm/seatmp/ /disk0/vhs/seatmp/ /disk1/vhs/seatmp/ /disk2/vhs/seatmp/ /disk3/vhs/seatmp/ /disk4/vhs/seatmp/ /disk5/vhs/seatmp/
base dir /mnt/lustre/vhs/output/
starting flusher
Launching script ./results/exp_threads/run-3/sea_mem_5n_16t_6d_1000f_617m_5i/n4_sea_parallel.sh
2
source_0 /dev/shm/seatmp/
source_1 /dev/shm/seatmp/ /disk0/vhs/seatmp/ /disk1/vhs/seatmp/ /disk2/vhs/seatmp/ /disk3/vhs/seatmp/ /disk4/vhs/seatmp/ /disk5/vhs/seatmp/
base dir /mnt/lustre/vhs/output/
starting flusher
/usr/bin/bash: increment: command not found
/usr/bin/bash: increment: command not found
/usr/bin/bash: increment: command not found
/usr/bin/bash: increment: command not found
/usr/bin/bash: increment: command not found
/usr/bin/bash: increment: command not found
/usr/bin/bash: increment: command not found
/usr/bin/bash: increment: command not found
/usr/bin/bash: increment: command not found
/usr/bin/bash: increment: command not found
/usr/bin/bash: increment: command not found
/usr/bin/bash: increment: command not found
/usr/bin/bash: increment: command not found
/usr/bin/bash: increment: command not found
/usr/bin/bash: increment: command not found
/usr/bin/bash: increment: command not found
/usr/bin/bash: increment: command not found
/usr/bin/bash: increment: command not found
/usr/bin/bash: increment: command not found
/usr/bin/bash: increment: command not found
/usr/bin/bash: increment: command not found
/usr/bin/bash: increment: command not found
/usr/bin/bash: increment: command not found
/usr/bin/bash: increment: command not found
/usr/bin/bash: increment: command not found
/usr/bin/bash: increment: command not found
/usr/bin/bash: increment: command not found
/usr/bin/bash: increment: command not found
/usr/bin/bash: increment: command not found
/usr/bin/bash: increment: command not found
/usr/bin/bash: increment: command not found
/usr/bin/bash: increment: command not found
/usr/bin/bash: increment: command not found
/usr/bin/bash: increment: command not found
/usr/bin/bash: increment: command not found
/usr/bin/bash: increment: command not found
/usr/bin/bash: increment: command not found
/usr/bin/bash: increment: command not found
/usr/bin/bash: increment: command not found
/usr/bin/bash: increment: command not found
/usr/bin/bash: increment: command not found
/usr/bin/bash: increment: command not found
/usr/bin/bash: increment: command not found
/usr/bin/bash: increment: command not found
/usr/bin/bash: increment: command not found
/usr/bin/bash: increment: command not found
/usr/bin/bash: increment: command not found
/usr/bin/bash: increment: command not found
/usr/bin/bash: increment: command not found
/usr/bin/bash: increment: command not found
/usr/bin/bash: increment: command not found
/usr/bin/bash: increment: command not found
/usr/bin/bash: increment: command not found
/usr/bin/bash: increment: command not found
/usr/bin/bash: increment: command not found
/usr/bin/bash: increment: command not found
/usr/bin/bash: increment: command not found
/usr/bin/bash: increment: command not found
/usr/bin/bash: increment: command not found
/usr/bin/bash: increment: command not found
/usr/bin/bash: increment: command not found
/usr/bin/bash: increment: command not found
/usr/bin/bash: increment: command not found
/usr/bin/bash: increment: command not found
/usr/bin/bash: increment: command not found
/usr/bin/bash: increment: command not found
/usr/bin/bash: increment: command not found
/usr/bin/bash: increment: command not found
/usr/bin/bash: increment: command not found
/usr/bin/bash: increment: command not found
/usr/bin/bash: increment: command not found
/usr/bin/bash: increment: command not found
/usr/bin/bash: increment: command not found
/usr/bin/bash: increment: command not found
/usr/bin/bash: increment: command not found
/usr/bin/bash: increment: command not found
/usr/bin/bash: increment: command not found
/usr/bin/bash: increment: command not found
/usr/bin/bash: increment: command not found
/usr/bin/bash: increment: command not found
/usr/bin/bash: increment: command not found
/usr/bin/bash: increment: command not found
/usr/bin/bash: increment: command not found
/usr/bin/bash: increment: command not found
/usr/bin/bash: increment: command not found
/usr/bin/bash: increment: command not found
/usr/bin/bash: increment: command not found
/usr/bin/bash: increment: command not found
/usr/bin/bash: increment: command not found
/usr/bin/bash: increment: command not found
/usr/bin/bash: increment: command not found
/usr/bin/bash: increment: command not found
/usr/bin/bash: increment: command not found
/usr/bin/bash: increment: command not found
/usr/bin/bash: increment: command not found
/usr/bin/bash: increment: command not found
/usr/bin/bash: increment: command not found
/usr/bin/bash: increment: command not found
/usr/bin/bash: increment: command not found
/usr/bin/bash: increment: command not found
/usr/bin/bash: increment: command not found
/usr/bin/bash: increment: command not found
/usr/bin/bash: increment: command not found
/usr/bin/bash: increment: command not found
/usr/bin/bash: increment: command not found
/usr/bin/bash: increment: command not found
/usr/bin/bash: increment: command not found
/usr/bin/bash: increment: command not found
/usr/bin/bash: increment: command not found
/usr/bin/bash: increment: command not found
/usr/bin/bash: increment: command not found
/usr/bin/bash: increment: command not found
/usr/bin/bash: increment: command not found
/usr/bin/bash: increment: command not found
/usr/bin/bash: increment: command not found
/usr/bin/bash: increment: command not found
/usr/bin/bash: increment: command not found
/usr/bin/bash: increment: command not found
/usr/bin/bash: increment: command not found
/usr/bin/bash: increment: command not found
/usr/bin/bash: increment: command not found
/usr/bin/bash: increment: command not found
/usr/bin/bash: increment: command not found
/usr/bin/bash: increment: command not found
/usr/bin/bash: increment: command not found
/usr/bin/bash: increment: command not found
/usr/bin/bash: increment: command not found
/usr/bin/bash: increment: command not found
/usr/bin/bash: increment: command not found
/usr/bin/bash: increment: command not found
/usr/bin/bash: increment: command not found
/usr/bin/bash: increment: command not found
/usr/bin/bash: increment: command not found
/usr/bin/bash: increment: command not found
/usr/bin/bash: increment: command not found
/usr/bin/bash: increment: command not found
/usr/bin/bash: increment: command not found
/usr/bin/bash: increment: command not found
/usr/bin/bash: increment: command not found
/usr/bin/bash: increment: command not found
/usr/bin/bash: increment: command not found
/usr/bin/bash: increment: command not found
/usr/bin/bash: increment: command not found
/usr/bin/bash: increment: command not found
/usr/bin/bash: increment: command not found
/usr/bin/bash: increment: command not found
/usr/bin/bash: increment: command not found
/usr/bin/bash: increment: command not found
/usr/bin/bash: increment: command not found
/usr/bin/bash: increment: command not found
/usr/bin/bash: increment: command not found
/usr/bin/bash: increment: command not found
/usr/bin/bash: increment: command not found
/usr/bin/bash: increment: command not found
/usr/bin/bash: increment: command not found
/usr/bin/bash: increment: command not found
/usr/bin/bash: increment: command not found
/usr/bin/bash: increment: command not found
/usr/bin/bash: increment: command not found
/usr/bin/bash: increment: command not found
/usr/bin/bash: increment: command not found
/usr/bin/bash: increment: command not found
/usr/bin/bash: increment: command not found
/usr/bin/bash: increment: command not found
/usr/bin/bash: increment: command not found
/usr/bin/bash: increment: command not found
/usr/bin/bash: increment: command not found
/usr/bin/bash: increment: command not found
/usr/bin/bash: increment: command not found
/usr/bin/bash: increment: command not found
/usr/bin/bash: increment: command not found
/usr/bin/bash: increment: command not found
/usr/bin/bash: increment: command not found
/usr/bin/bash: increment: command not found
/usr/bin/bash: increment: command not found
/usr/bin/bash: increment: command not found
/usr/bin/bash: increment: command not found
/usr/bin/bash: increment: command not found
/usr/bin/bash: increment: command not found
/usr/bin/bash: increment: command not found
/usr/bin/bash: increment: command not found
/usr/bin/bash: increment: command not found
/usr/bin/bash: increment: command not found
/usr/bin/bash: increment: command not found
/usr/bin/bash: increment: command not found
/usr/bin/bash: increment: command not found
/usr/bin/bash: increment: command not found
/usr/bin/bash: increment: command not found
/usr/bin/bash: increment: command not found
/usr/bin/bash: increment: command not found
/usr/bin/bash: increment: command not found
/usr/bin/bash: increment: command not found
/usr/bin/bash: increment: command not found
/usr/bin/bash: increment: command not found
/usr/bin/bash: increment: command not found
/usr/bin/bash: increment: command not found
/usr/bin/bash: increment: command not found
/usr/bin/bash: increment: command not found
/usr/bin/bash: increment: command not found
/usr/bin/bash: increment: command not found
/usr/bin/bash: increment: command not found
/usr/bin/bash: increment: command not found
/usr/bin/bash: increment: command not found
/usr/bin/bash: increment: command not found
/usr/bin/bash: increment: command not found
/usr/bin/bash: increment: command not found
/usr/bin/bash: increment: command not found
/usr/bin/bash: increment: command not found
/usr/bin/bash: increment: command not found
/usr/bin/bash: increment: command not found
/usr/bin/bash: increment: command not found
/usr/bin/bash: increment: command not found
/usr/bin/bash: increment: command not found
/usr/bin/bash: increment: command not found
/usr/bin/bash: increment: command not found
/usr/bin/bash: increment: command not found
/usr/bin/bash: increment: command not found
/usr/bin/bash: increment: command not found
/usr/bin/bash: increment: command not found
/usr/bin/bash: increment: command not found
/usr/bin/bash: increment: command not found
/usr/bin/bash: increment: command not found
/usr/bin/bash: increment: command not found
/usr/bin/bash: increment: command not found
/usr/bin/bash: increment: command not found
/usr/bin/bash: increment: command not found
/usr/bin/bash: increment: command not found
/usr/bin/bash: increment: command not found
/usr/bin/bash: increment: command not found
/usr/bin/bash: increment: command not found
/usr/bin/bash: increment: command not found
/usr/bin/bash: increment: command not found
/usr/bin/bash: increment: command not found
/usr/bin/bash: increment: command not found
/usr/bin/bash: increment: command not found
/usr/bin/bash: increment: command not found
/usr/bin/bash: increment: command not found
/usr/bin/bash: increment: command not found
/usr/bin/bash: increment: command not found
/usr/bin/bash: increment: command not found
/usr/bin/bash: increment: command not found
/usr/bin/bash: increment: command not found
/usr/bin/bash: increment: command not found
/usr/bin/bash: increment: command not found
/usr/bin/bash: increment: command not found
/usr/bin/bash: increment: command not found
/usr/bin/bash: increment: command not found
/usr/bin/bash: increment: command not found
/usr/bin/bash: increment: command not found
/usr/bin/bash: increment: command not found
/usr/bin/bash: increment: command not found
/usr/bin/bash: increment: command not found
/usr/bin/bash: increment: command not found
/usr/bin/bash: increment: command not found
/usr/bin/bash: increment: command not found
/usr/bin/bash: increment: command not found
/usr/bin/bash: increment: command not found
/usr/bin/bash: increment: command not found
/usr/bin/bash: increment: command not found
/usr/bin/bash: increment: command not found
/usr/bin/bash: increment: command not found
/usr/bin/bash: increment: command not found
/usr/bin/bash: increment: command not found
/usr/bin/bash: increment: command not found
/usr/bin/bash: increment: command not found
/usr/bin/bash: increment: command not found
/usr/bin/bash: increment: command not found
/usr/bin/bash: increment: command not found
/usr/bin/bash: increment: command not found
/usr/bin/bash: increment: command not found
/usr/bin/bash: increment: command not found
/usr/bin/bash: increment: command not found
/usr/bin/bash: increment: command not found
/usr/bin/bash: increment: command not found
/usr/bin/bash: increment: command not found
/usr/bin/bash: increment: command not found
/usr/bin/bash: increment: command not found
/usr/bin/bash: increment: command not found
/usr/bin/bash: increment: command not found
/usr/bin/bash: increment: command not found
/usr/bin/bash: increment: command not found
/usr/bin/bash: increment: command not found
/usr/bin/bash: increment: command not found
/usr/bin/bash: increment: command not found
/usr/bin/bash: increment: command not found
/usr/bin/bash: increment: command not found
/usr/bin/bash: increment: command not found
/usr/bin/bash: increment: command not found
/usr/bin/bash: increment: command not found
/usr/bin/bash: increment: command not found
/usr/bin/bash: increment: command not found
/usr/bin/bash: increment: command not found
/usr/bin/bash: increment: command not found
/usr/bin/bash: increment: command not found
/usr/bin/bash: increment: command not found
/usr/bin/bash: increment: command not found
/usr/bin/bash: increment: command not found
/usr/bin/bash: increment: command not found
/usr/bin/bash: increment: command not found
/usr/bin/bash: increment: command not found
/usr/bin/bash: increment: command not found
/usr/bin/bash: increment: command not found
/usr/bin/bash: increment: command not found
/usr/bin/bash: increment: command not found
/usr/bin/bash: increment: command not found
/usr/bin/bash: increment: command not found
/usr/bin/bash: increment: command not found
/usr/bin/bash: increment: command not found
/usr/bin/bash: increment: command not found
/usr/bin/bash: increment: command not found
/usr/bin/bash: increment: command not found
/usr/bin/bash: increment: command not found
/usr/bin/bash: increment: command not found
/usr/bin/bash: increment: command not found
/usr/bin/bash: increment: command not found
/usr/bin/bash: increment: command not found
/usr/bin/bash: increment: command not found
/usr/bin/bash: increment: command not found
/usr/bin/bash: increment: command not found
/usr/bin/bash: increment: command not found
/usr/bin/bash: increment: command not found
/usr/bin/bash: increment: command not found
/usr/bin/bash: increment: command not found
/usr/bin/bash: increment: command not found
/usr/bin/bash: increment: command not found
/usr/bin/bash: increment: command not found
/usr/bin/bash: increment: command not found
/usr/bin/bash: increment: command not found
/usr/bin/bash: increment: command not found
/usr/bin/bash: increment: command not found
/usr/bin/bash: increment: command not found
/usr/bin/bash: increment: command not found
/usr/bin/bash: increment: command not found
/usr/bin/bash: increment: command not found
/usr/bin/bash: increment: command not found
/usr/bin/bash: increment: command not found
/usr/bin/bash: increment: command not found
/usr/bin/bash: increment: command not found
/usr/bin/bash: increment: command not found
/usr/bin/bash: increment: command not found
/usr/bin/bash: increment: command not found
/usr/bin/bash: increment: command not found
/usr/bin/bash: increment: command not found
/usr/bin/bash: increment: command not found
/usr/bin/bash: increment: command not found
/usr/bin/bash: increment: command not found
/usr/bin/bash: increment: command not found
/usr/bin/bash: increment: command not found
/usr/bin/bash: increment: command not found
/usr/bin/bash: increment: command not found
/usr/bin/bash: increment: command not found
/usr/bin/bash: increment: command not found
/usr/bin/bash: increment: command not found
/usr/bin/bash: increment: command not found
/usr/bin/bash: increment: command not found
/usr/bin/bash: increment: command not found
/usr/bin/bash: increment: command not found
/usr/bin/bash: increment: command not found
/usr/bin/bash: increment: command not found
/usr/bin/bash: increment: command not found
/usr/bin/bash: increment: command not found
/usr/bin/bash: increment: command not found
/usr/bin/bash: increment: command not found
/usr/bin/bash: increment: command not found
/usr/bin/bash: increment: command not found
/usr/bin/bash: increment: command not found
/usr/bin/bash: increment: command not found
/usr/bin/bash: increment: command not found
/usr/bin/bash: increment: command not found
/usr/bin/bash: increment: command not found
/usr/bin/bash: increment: command not found
/usr/bin/bash: increment: command not found
/usr/bin/bash: increment: command not found
/usr/bin/bash: increment: command not found
/usr/bin/bash: increment: command not found
/usr/bin/bash: increment: command not found
/usr/bin/bash: increment: command not found
/usr/bin/bash: increment: command not found
/usr/bin/bash: increment: command not found
/usr/bin/bash: increment: command not found
/usr/bin/bash: increment: command not found
/usr/bin/bash: increment: command not found
/usr/bin/bash: increment: command not found
/usr/bin/bash: increment: command not found
/usr/bin/bash: increment: command not found
/usr/bin/bash: increment: command not found
/usr/bin/bash: increment: command not found
/usr/bin/bash: increment: command not found
/usr/bin/bash: increment: command not found
/usr/bin/bash: increment: command not found
/usr/bin/bash: increment: command not found
/usr/bin/bash: increment: command not found
/usr/bin/bash: increment: command not found
/usr/bin/bash: increment: command not found
/usr/bin/bash: increment: command not found
/usr/bin/bash: increment: command not found
/usr/bin/bash: increment: command not found
/usr/bin/bash: increment: command not found
/usr/bin/bash: increment: command not found
/usr/bin/bash: increment: command not found
/usr/bin/bash: increment: command not found
/usr/bin/bash: increment: command not found
/usr/bin/bash: increment: command not found
/usr/bin/bash: increment: command not found
/usr/bin/bash: increment: command not found
/usr/bin/bash: increment: command not found
/usr/bin/bash: increment: command not found
/usr/bin/bash: increment: command not found
/usr/bin/bash: increment: command not found
/usr/bin/bash: increment: command not found
/usr/bin/bash: increment: command not found
/usr/bin/bash: increment: command not found
/usr/bin/bash: increment: command not found
/usr/bin/bash: increment: command not found
/usr/bin/bash: increment: command not found
/usr/bin/bash: increment: command not found
/usr/bin/bash: increment: command not found
/usr/bin/bash: increment: command not found
/usr/bin/bash: increment: command not found
/usr/bin/bash: increment: command not found
/usr/bin/bash: increment: command not found
/usr/bin/bash: increment: command not found
/usr/bin/bash: increment: command not found
/usr/bin/bash: increment: command not found
/usr/bin/bash: increment: command not found
/usr/bin/bash: increment: command not found
/usr/bin/bash: increment: command not found
/usr/bin/bash: increment: command not found
/usr/bin/bash: increment: command not found
/usr/bin/bash: increment: command not found
/usr/bin/bash: increment: command not found
/usr/bin/bash: increment: command not found
/usr/bin/bash: increment: command not found
/usr/bin/bash: increment: command not found
/usr/bin/bash: increment: command not found
/usr/bin/bash: increment: command not found
/usr/bin/bash: increment: command not found
/usr/bin/bash: increment: command not found
/usr/bin/bash: increment: command not found
/usr/bin/bash: increment: command not found
/usr/bin/bash: increment: command not found
/usr/bin/bash: increment: command not found
/usr/bin/bash: increment: command not found
/usr/bin/bash: increment: command not found
/usr/bin/bash: increment: command not found
/usr/bin/bash: increment: command not found
/usr/bin/bash: increment: command not found
/usr/bin/bash: increment: command not found
/usr/bin/bash: increment: command not found
/usr/bin/bash: increment: command not found
/usr/bin/bash: increment: command not found
/usr/bin/bash: increment: command not found
/usr/bin/bash: increment: command not found
/usr/bin/bash: increment: command not found
/usr/bin/bash: increment: command not found
/usr/bin/bash: increment: command not found
/usr/bin/bash: increment: command not found
/usr/bin/bash: increment: command not found
/usr/bin/bash: increment: command not found
/usr/bin/bash: increment: command not found
/usr/bin/bash: increment: command not found
/usr/bin/bash: increment: command not found
/usr/bin/bash: increment: command not found
/usr/bin/bash: increment: command not found
/usr/bin/bash: increment: command not found
/usr/bin/bash: increment: command not found
/usr/bin/bash: increment: command not found
/usr/bin/bash: increment: command not found
/usr/bin/bash: increment: command not found
/usr/bin/bash: increment: command not found
/usr/bin/bash: increment: command not found
/usr/bin/bash: increment: command not found
/usr/bin/bash: increment: command not found
/usr/bin/bash: increment: command not found
/usr/bin/bash: increment: command not found
/usr/bin/bash: increment: command not found
/usr/bin/bash: increment: command not found
/usr/bin/bash: increment: command not found
/usr/bin/bash: increment: command not found
/usr/bin/bash: increment: command not found
/usr/bin/bash: increment: command not found
/usr/bin/bash: increment: command not found
/usr/bin/bash: increment: command not found
/usr/bin/bash: increment: command not found
/usr/bin/bash: increment: command not found
/usr/bin/bash: increment: command not found
/usr/bin/bash: increment: command not found
/usr/bin/bash: increment: command not found
/usr/bin/bash: increment: command not found
/usr/bin/bash: increment: command not found
/usr/bin/bash: increment: command not found
/usr/bin/bash: increment: command not found
/usr/bin/bash: increment: command not found
/usr/bin/bash: increment: command not found
/usr/bin/bash: increment: command not found
/usr/bin/bash: increment: command not found
/usr/bin/bash: increment: command not found
/usr/bin/bash: increment: command not found
/usr/bin/bash: increment: command not found
/usr/bin/bash: increment: command not found
/usr/bin/bash: increment: command not found
/usr/bin/bash: increment: command not found
/usr/bin/bash: increment: command not found
/usr/bin/bash: increment: command not found
/usr/bin/bash: increment: command not found
/usr/bin/bash: increment: command not found
/usr/bin/bash: increment: command not found
/usr/bin/bash: increment: command not found
/usr/bin/bash: increment: command not found
/usr/bin/bash: increment: command not found
/usr/bin/bash: increment: command not found
/usr/bin/bash: increment: command not found
/usr/bin/bash: increment: command not found
/usr/bin/bash: increment: command not found
/usr/bin/bash: increment: command not found
/usr/bin/bash: increment: command not found
/usr/bin/bash: increment: command not found
/usr/bin/bash: increment: command not found
/usr/bin/bash: increment: command not found
/usr/bin/bash: increment: command not found
/usr/bin/bash: increment: command not found
/usr/bin/bash: increment: command not found
/usr/bin/bash: increment: command not found
/usr/bin/bash: increment: command not found
/usr/bin/bash: increment: command not found
/usr/bin/bash: increment: command not found
/usr/bin/bash: increment: command not found
/usr/bin/bash: increment: command not found
/usr/bin/bash: increment: command not found
/usr/bin/bash: increment: command not found
/usr/bin/bash: increment: command not found
/usr/bin/bash: increment: command not found
/usr/bin/bash: increment: command not found
/usr/bin/bash: increment: command not found
/usr/bin/bash: increment: command not found
/usr/bin/bash: increment: command not found
/usr/bin/bash: increment: command not found
/usr/bin/bash: increment: command not found
/usr/bin/bash: increment: command not found
/usr/bin/bash: increment: command not found
/usr/bin/bash: increment: command not found
/usr/bin/bash: increment: command not found
/usr/bin/bash: increment: command not found
/usr/bin/bash: increment: command not found
/usr/bin/bash: increment: command not found
/usr/bin/bash: increment: command not found
/usr/bin/bash: increment: command not found
/usr/bin/bash: increment: command not found
/usr/bin/bash: increment: command not found
/usr/bin/bash: increment: command not found
/usr/bin/bash: increment: command not found
/usr/bin/bash: increment: command not found
/usr/bin/bash: increment: command not found
/usr/bin/bash: increment: command not found
/usr/bin/bash: increment: command not found
/usr/bin/bash: increment: command not found
/usr/bin/bash: increment: command not found
/usr/bin/bash: increment: command not found
/usr/bin/bash: increment: command not found
/usr/bin/bash: increment: command not found
/usr/bin/bash: increment: command not found
/usr/bin/bash: increment: command not found
/usr/bin/bash: increment: command not found
/usr/bin/bash: increment: command not found
/usr/bin/bash: increment: command not found
/usr/bin/bash: increment: command not found
/usr/bin/bash: increment: command not found
/usr/bin/bash: increment: command not found
/usr/bin/bash: increment: command not found
/usr/bin/bash: increment: command not found
/usr/bin/bash: increment: command not found
/usr/bin/bash: increment: command not found
/usr/bin/bash: increment: command not found
/usr/bin/bash: increment: command not found
/usr/bin/bash: increment: command not found
/usr/bin/bash: increment: command not found
/usr/bin/bash: increment: command not found
/usr/bin/bash: increment: command not found
/usr/bin/bash: increment: command not found
/usr/bin/bash: increment: command not found
/usr/bin/bash: increment: command not found
/usr/bin/bash: increment: command not found
/usr/bin/bash: increment: command not found
/usr/bin/bash: increment: command not found
/usr/bin/bash: increment: command not found
/usr/bin/bash: increment: command not found
/usr/bin/bash: increment: command not found
/usr/bin/bash: increment: command not found
/usr/bin/bash: increment: command not found
/usr/bin/bash: increment: command not found
/usr/bin/bash: increment: command not found
/usr/bin/bash: increment: command not found
/usr/bin/bash: increment: command not found
/usr/bin/bash: increment: command not found
/usr/bin/bash: increment: command not found
/usr/bin/bash: increment: command not found
/usr/bin/bash: increment: command not found
/usr/bin/bash: increment: command not found
/usr/bin/bash: increment: command not found
/usr/bin/bash: increment: command not found
/usr/bin/bash: increment: command not found
/usr/bin/bash: increment: command not found
/usr/bin/bash: increment: command not found
/usr/bin/bash: increment: command not found
/usr/bin/bash: increment: command not found
/usr/bin/bash: increment: command not found
/usr/bin/bash: increment: command not found
/usr/bin/bash: increment: command not found
/usr/bin/bash: increment: command not found
/usr/bin/bash: increment: command not found
/usr/bin/bash: increment: command not found
/usr/bin/bash: increment: command not found
/usr/bin/bash: increment: command not found
/usr/bin/bash: increment: command not found
/usr/bin/bash: increment: command not found
/usr/bin/bash: increment: command not found
/usr/bin/bash: increment: command not found
/usr/bin/bash: increment: command not found
/usr/bin/bash: increment: command not found
/usr/bin/bash: increment: command not found
/usr/bin/bash: increment: command not found
/usr/bin/bash: increment: command not found
/usr/bin/bash: increment: command not found
/usr/bin/bash: increment: command not found
/usr/bin/bash: increment: command not found
/usr/bin/bash: increment: command not found
/usr/bin/bash: increment: command not found
/usr/bin/bash: increment: command not found
/usr/bin/bash: increment: command not found
/usr/bin/bash: increment: command not found
/usr/bin/bash: increment: command not found
/usr/bin/bash: increment: command not found
/usr/bin/bash: increment: command not found
/usr/bin/bash: increment: command not found
/usr/bin/bash: increment: command not found
/usr/bin/bash: increment: command not found
/usr/bin/bash: increment: command not found
/usr/bin/bash: increment: command not found
/usr/bin/bash: increment: command not found
/usr/bin/bash: increment: command not found
/usr/bin/bash: increment: command not found
/usr/bin/bash: increment: command not found
/usr/bin/bash: increment: command not found
/usr/bin/bash: increment: command not found
/usr/bin/bash: increment: command not found
/usr/bin/bash: increment: command not found
/usr/bin/bash: increment: command not found
/usr/bin/bash: increment: command not found
/usr/bin/bash: increment: command not found
/usr/bin/bash: increment: command not found
/usr/bin/bash: increment: command not found
/usr/bin/bash: increment: command not found
/usr/bin/bash: increment: command not found
/usr/bin/bash: increment: command not found
/usr/bin/bash: increment: command not found
/usr/bin/bash: increment: command not found
/usr/bin/bash: increment: command not found
/usr/bin/bash: increment: command not found
/usr/bin/bash: increment: command not found
/usr/bin/bash: increment: command not found
/usr/bin/bash: increment: command not found
/usr/bin/bash: increment: command not found
/usr/bin/bash: increment: command not found
/usr/bin/bash: increment: command not found
/usr/bin/bash: increment: command not found
/usr/bin/bash: increment: command not found
/usr/bin/bash: increment: command not found
/usr/bin/bash: increment: command not found
/usr/bin/bash: increment: command not found
/usr/bin/bash: increment: command not found
/usr/bin/bash: increment: command not found
/usr/bin/bash: increment: command not found
/usr/bin/bash: increment: command not found
/usr/bin/bash: increment: command not found
/usr/bin/bash: increment: command not found
/usr/bin/bash: increment: command not found
/usr/bin/bash: increment: command not found
/usr/bin/bash: increment: command not found
/usr/bin/bash: increment: command not found
/usr/bin/bash: increment: command not found
/usr/bin/bash: increment: command not found
/usr/bin/bash: increment: command not found
/usr/bin/bash: increment: command not found
/usr/bin/bash: increment: command not found
/usr/bin/bash: increment: command not found
/usr/bin/bash: increment: command not found
/usr/bin/bash: increment: command not found
/usr/bin/bash: increment: command not found
/usr/bin/bash: increment: command not found
/usr/bin/bash: increment: command not found
/usr/bin/bash: increment: command not found
/usr/bin/bash: increment: command not found
/usr/bin/bash: increment: command not found
/usr/bin/bash: increment: command not found
/usr/bin/bash: increment: command not found
/usr/bin/bash: increment: command not found
/usr/bin/bash: increment: command not found
/usr/bin/bash: increment: command not found
/usr/bin/bash: increment: command not found
/usr/bin/bash: increment: command not found
/usr/bin/bash: increment: command not found
/usr/bin/bash: increment: command not found
/usr/bin/bash: increment: command not found
/usr/bin/bash: increment: command not found
/usr/bin/bash: increment: command not found
/usr/bin/bash: increment: command not found
/usr/bin/bash: increment: command not found
/usr/bin/bash: increment: command not found
/usr/bin/bash: increment: command not found
/usr/bin/bash: increment: command not found
/usr/bin/bash: increment: command not found
/usr/bin/bash: increment: command not found
/usr/bin/bash: increment: command not found
/usr/bin/bash: increment: command not found
/usr/bin/bash: increment: command not found
/usr/bin/bash: increment: command not found
/usr/bin/bash: increment: command not found
/usr/bin/bash: increment: command not found
/usr/bin/bash: increment: command not found
/usr/bin/bash: increment: command not found
/usr/bin/bash: increment: command not found
/usr/bin/bash: increment: command not found
/usr/bin/bash: increment: command not found
/usr/bin/bash: increment: command not found
/usr/bin/bash: increment: command not found
/usr/bin/bash: increment: command not found
/usr/bin/bash: increment: command not found
/usr/bin/bash: increment: command not found
/usr/bin/bash: increment: command not found
/usr/bin/bash: increment: command not found
/usr/bin/bash: increment: command not found
/usr/bin/bash: increment: command not found
/usr/bin/bash: increment: command not found
/usr/bin/bash: increment: command not found
/usr/bin/bash: increment: command not found
/usr/bin/bash: increment: command not found
/usr/bin/bash: increment: command not found
/usr/bin/bash: increment: command not found
/usr/bin/bash: increment: command not found
/usr/bin/bash: increment: command not found
/usr/bin/bash: increment: command not found
/usr/bin/bash: increment: command not found
/usr/bin/bash: increment: command not found
/usr/bin/bash: increment: command not found
/usr/bin/bash: increment: command not found
/usr/bin/bash: increment: command not found
/usr/bin/bash: increment: command not found
/usr/bin/bash: increment: command not found
/usr/bin/bash: increment: command not found
/usr/bin/bash: increment: command not found
/usr/bin/bash: increment: command not found
/usr/bin/bash: increment: command not found
/usr/bin/bash: increment: command not found
/usr/bin/bash: increment: command not found
/usr/bin/bash: increment: command not found
/usr/bin/bash: increment: command not found
/usr/bin/bash: increment: command not found
/usr/bin/bash: increment: command not found
/usr/bin/bash: increment: command not found
/usr/bin/bash: increment: command not found
/usr/bin/bash: increment: command not found
/usr/bin/bash: increment: command not found
/usr/bin/bash: increment: command not found
/usr/bin/bash: increment: command not found
/usr/bin/bash: increment: command not found
/usr/bin/bash: increment: command not found
/usr/bin/bash: increment: command not found
/usr/bin/bash: increment: command not found
/usr/bin/bash: increment: command not found
/usr/bin/bash: increment: command not found
/usr/bin/bash: increment: command not found
/usr/bin/bash: increment: command not found
/usr/bin/bash: increment: command not found
/usr/bin/bash: increment: command not found
/usr/bin/bash: increment: command not found
/usr/bin/bash: increment: command not found
/usr/bin/bash: increment: command not found
/usr/bin/bash: increment: command not found
/usr/bin/bash: increment: command not found
/usr/bin/bash: increment: command not found
/usr/bin/bash: increment: command not found
/usr/bin/bash: increment: command not found
/usr/bin/bash: increment: command not found
/usr/bin/bash: increment: command not found
/usr/bin/bash: increment: command not found
/usr/bin/bash: increment: command not found
/usr/bin/bash: increment: command not found
/usr/bin/bash: increment: command not found
/usr/bin/bash: increment: command not found
/usr/bin/bash: increment: command not found
/usr/bin/bash: increment: command not found
/usr/bin/bash: increment: command not found
/usr/bin/bash: increment: command not found
/usr/bin/bash: increment: command not found
/usr/bin/bash: increment: command not found
/usr/bin/bash: increment: command not found
/usr/bin/bash: increment: command not found
/usr/bin/bash: increment: command not found
/usr/bin/bash: increment: command not found
/usr/bin/bash: increment: command not found
/usr/bin/bash: increment: command not found
/usr/bin/bash: increment: command not found
/usr/bin/bash: increment: command not found
/usr/bin/bash: increment: command not found
/usr/bin/bash: increment: command not found
/usr/bin/bash: increment: command not found
/usr/bin/bash: increment: command not found
/usr/bin/bash: increment: command not found
/usr/bin/bash: increment: command not found
/usr/bin/bash: increment: command not found
/usr/bin/bash: increment: command not found
/usr/bin/bash: increment: command not found
/usr/bin/bash: increment: command not found
/usr/bin/bash: increment: command not found
/usr/bin/bash: increment: command not found
/usr/bin/bash: increment: command not found
/usr/bin/bash: increment: command not found
/usr/bin/bash: increment: command not found
/usr/bin/bash: increment: command not found
/usr/bin/bash: increment: command not found
/usr/bin/bash: increment: command not found
/usr/bin/bash: increment: command not found
/usr/bin/bash: increment: command not found
/usr/bin/bash: increment: command not found
/usr/bin/bash: increment: command not found
/usr/bin/bash: increment: command not found
/usr/bin/bash: increment: command not found
/usr/bin/bash: increment: command not found
/usr/bin/bash: increment: command not found
/usr/bin/bash: increment: command not found
/usr/bin/bash: increment: command not found
/usr/bin/bash: increment: command not found
/usr/bin/bash: increment: command not found
/usr/bin/bash: increment: command not found
/usr/bin/bash: increment: command not found
/usr/bin/bash: increment: command not found
/usr/bin/bash: increment: command not found
/usr/bin/bash: increment: command not found
/usr/bin/bash: increment: command not found
/usr/bin/bash: increment: command not found
/usr/bin/bash: increment: command not found
/usr/bin/bash: increment: command not found
/usr/bin/bash: increment: command not found
/usr/bin/bash: increment: command not found
/usr/bin/bash: increment: command not found
/usr/bin/bash: increment: command not found
/usr/bin/bash: increment: command not found
/usr/bin/bash: increment: command not found
/usr/bin/bash: increment: command not found
/usr/bin/bash: increment: command not found
/usr/bin/bash: increment: command not found
/usr/bin/bash: increment: command not found
/usr/bin/bash: increment: command not found
/usr/bin/bash: increment: command not found
/usr/bin/bash: increment: command not found
/usr/bin/bash: increment: command not found
/usr/bin/bash: increment: command not found
/usr/bin/bash: increment: command not found
/usr/bin/bash: increment: command not found
/usr/bin/bash: increment: command not found
/usr/bin/bash: increment: command not found
/usr/bin/bash: increment: command not found
/usr/bin/bash: increment: command not found
/usr/bin/bash: increment: command not found
/usr/bin/bash: increment: command not found
/usr/bin/bash: increment: command not found
/usr/bin/bash: increment: command not found
/usr/bin/bash: increment: command not found
/usr/bin/bash: increment: command not found
/usr/bin/bash: increment: command not found
/usr/bin/bash: increment: command not found
/usr/bin/bash: increment: command not found
/usr/bin/bash: increment: command not found
/usr/bin/bash: increment: command not found
/usr/bin/bash: increment: command not found
/usr/bin/bash: increment: command not found
/usr/bin/bash: increment: command not found
/usr/bin/bash: increment: command not found
/usr/bin/bash: increment: command not found
/usr/bin/bash: increment: command not found
/usr/bin/bash: increment: command not found
/usr/bin/bash: increment: command not found
/usr/bin/bash: increment: command not found
/usr/bin/bash: increment: command not found
/usr/bin/bash: increment: command not found
/usr/bin/bash: increment: command not found
/usr/bin/bash: increment: command not found
/usr/bin/bash: increment: command not found
/usr/bin/bash: increment: command not found
/usr/bin/bash: increment: command not found
/usr/bin/bash: increment: command not found
/usr/bin/bash: increment: command not found
/usr/bin/bash: increment: command not found
/usr/bin/bash: increment: command not found
/usr/bin/bash: increment: command not found
/usr/bin/bash: increment: command not found
/usr/bin/bash: increment: command not found
/usr/bin/bash: increment: command not found
/usr/bin/bash: increment: command not found
/usr/bin/bash: increment: command not found
/usr/bin/bash: increment: command not found
/usr/bin/bash: increment: command not found
/usr/bin/bash: increment: command not found
/usr/bin/bash: increment: command not found
/usr/bin/bash: increment: command not found
/usr/bin/bash: increment: command not found
/usr/bin/bash: increment: command not found
/usr/bin/bash: increment: command not found
/usr/bin/bash: increment: command not found
/usr/bin/bash: increment: command not found
/usr/bin/bash: increment: command not found
/usr/bin/bash: increment: command not found
/usr/bin/bash: increment: command not found
/usr/bin/bash: increment: command not found
/usr/bin/bash: increment: command not found
/usr/bin/bash: increment: command not found
/usr/bin/bash: increment: command not found
/usr/bin/bash: increment: command not found
/usr/bin/bash: increment: command not found
/usr/bin/bash: increment: command not found
/usr/bin/bash: increment: command not found
/usr/bin/bash: increment: command not found
flush process terminated
starting cleanup
flush process terminated
starting cleanup
/usr/bin/bash: increment: command not found
/usr/bin/bash: increment: command not found
/usr/bin/bash: increment: command not found
/usr/bin/bash: increment: command not found
/usr/bin/bash: increment: command not found
/usr/bin/bash: increment: command not found
/usr/bin/bash: increment: command not found
/usr/bin/bash: increment: command not found
flush process terminated
starting cleanup
/usr/bin/bash: increment: command not found
/usr/bin/bash: increment: command not found
/usr/bin/bash: increment: command not found
/usr/bin/bash: increment: command not found
/usr/bin/bash: increment: command not found
/usr/bin/bash: increment: command not found
/usr/bin/bash: increment: command not found
flush process terminated
starting cleanup
/usr/bin/bash: increment: command not found
/usr/bin/bash: increment: command not found
/usr/bin/bash: increment: command not found
/usr/bin/bash: increment: command not found
/usr/bin/bash: increment: command not found
/usr/bin/bash: increment: command not found
/usr/bin/bash: increment: command not found
/usr/bin/bash: increment: command not found
/usr/bin/bash: increment: command not found
/usr/bin/bash: increment: command not found
/usr/bin/bash: increment: command not found
/usr/bin/bash: increment: command not found
/usr/bin/bash: increment: command not found
/usr/bin/bash: increment: command not found
/usr/bin/bash: increment: command not found
/usr/bin/bash: increment: command not found
/usr/bin/bash: increment: command not found
/usr/bin/bash: increment: command not found
/usr/bin/bash: increment: command not found
/usr/bin/bash: increment: command not found
/usr/bin/bash: increment: command not found
/usr/bin/bash: increment: command not found
/usr/bin/bash: increment: command not found
/usr/bin/bash: increment: command not found
/usr/bin/bash: increment: command not found
/usr/bin/bash: increment: command not found
/usr/bin/bash: increment: command not found
/usr/bin/bash: increment: command not found
/usr/bin/bash: increment: command not found
/usr/bin/bash: increment: command not found
/usr/bin/bash: increment: command not found
/usr/bin/bash: increment: command not found
/usr/bin/bash: increment: command not found
/usr/bin/bash: increment: command not found
/usr/bin/bash: increment: command not found
/usr/bin/bash: increment: command not found
/usr/bin/bash: increment: command not found
/usr/bin/bash: increment: command not found
/usr/bin/bash: increment: command not found
/usr/bin/bash: increment: command not found
/usr/bin/bash: increment: command not found
/usr/bin/bash: increment: command not found
/usr/bin/bash: increment: command not found
/usr/bin/bash: increment: command not found
/usr/bin/bash: increment: command not found
/usr/bin/bash: increment: command not found
/usr/bin/bash: increment: command not found
/usr/bin/bash: increment: command not found
/usr/bin/bash: increment: command not found
/usr/bin/bash: increment: command not found
/usr/bin/bash: increment: command not found
/usr/bin/bash: increment: command not found
/usr/bin/bash: increment: command not found
/usr/bin/bash: increment: command not found
/usr/bin/bash: increment: command not found
/usr/bin/bash: increment: command not found
/usr/bin/bash: increment: command not found
/usr/bin/bash: increment: command not found
/usr/bin/bash: increment: command not found
/usr/bin/bash: increment: command not found
/usr/bin/bash: increment: command not found
/usr/bin/bash: increment: command not found
/usr/bin/bash: increment: command not found
srun: error: comp07: task 0: Exited with exit code 101
srun: error: comp06: task 0: Exited with exit code 101
srun: error: comp04: task 0: Exited with exit code 101
srun: error: comp03: task 0: Exited with exit code 101
srun: error: comp02: task 0: Exited with exit code 101
Runtime: 1.772299281
Removing directories
